[2025-11-11T18:19:51.030+0000] {processor.py:186} INFO - Started process (PID=30) to work on /opt/airflow/dags/elt_dag.py
[2025-11-11T18:19:51.032+0000] {processor.py:914} INFO - Processing file /opt/airflow/dags/elt_dag.py for tasks to queue
[2025-11-11T18:19:51.037+0000] {logging_mixin.py:190} INFO - [2025-11-11T18:19:51.036+0000] {dagbag.py:588} INFO - Filling up the DagBag from /opt/airflow/dags/elt_dag.py
[2025-11-11T18:19:51.141+0000] {processor.py:925} INFO - DAG(s) 'elt_and_dbt' retrieved from /opt/airflow/dags/elt_dag.py
[2025-11-11T18:19:51.224+0000] {logging_mixin.py:190} INFO - [2025-11-11T18:19:51.223+0000] {dag.py:3239} INFO - Sync 1 DAGs
[2025-11-11T18:19:51.318+0000] {logging_mixin.py:190} INFO - [2025-11-11T18:19:51.318+0000] {dag.py:4180} INFO - Setting next_dagrun for elt_and_dbt to 2025-11-11 00:00:00+00:00, run_after=2025-11-12 00:00:00+00:00
[2025-11-11T18:19:51.357+0000] {processor.py:208} INFO - Processing /opt/airflow/dags/elt_dag.py took 0.342 seconds
[2025-11-11T18:20:21.734+0000] {processor.py:186} INFO - Started process (PID=31) to work on /opt/airflow/dags/elt_dag.py
[2025-11-11T18:20:21.737+0000] {processor.py:914} INFO - Processing file /opt/airflow/dags/elt_dag.py for tasks to queue
[2025-11-11T18:20:21.745+0000] {logging_mixin.py:190} INFO - [2025-11-11T18:20:21.744+0000] {dagbag.py:588} INFO - Filling up the DagBag from /opt/airflow/dags/elt_dag.py
[2025-11-11T18:20:21.798+0000] {processor.py:925} INFO - DAG(s) 'elt_and_dbt' retrieved from /opt/airflow/dags/elt_dag.py
[2025-11-11T18:20:21.877+0000] {logging_mixin.py:190} INFO - [2025-11-11T18:20:21.876+0000] {dag.py:3239} INFO - Sync 1 DAGs
[2025-11-11T18:20:21.926+0000] {logging_mixin.py:190} INFO - [2025-11-11T18:20:21.925+0000] {dag.py:4180} INFO - Setting next_dagrun for elt_and_dbt to 2025-11-11 00:00:00+00:00, run_after=2025-11-12 00:00:00+00:00
[2025-11-11T18:20:21.976+0000] {processor.py:208} INFO - Processing /opt/airflow/dags/elt_dag.py took 0.260 seconds
[2025-11-11T18:20:52.288+0000] {processor.py:186} INFO - Started process (PID=47) to work on /opt/airflow/dags/elt_dag.py
[2025-11-11T18:20:52.290+0000] {processor.py:914} INFO - Processing file /opt/airflow/dags/elt_dag.py for tasks to queue
[2025-11-11T18:20:52.295+0000] {logging_mixin.py:190} INFO - [2025-11-11T18:20:52.294+0000] {dagbag.py:588} INFO - Filling up the DagBag from /opt/airflow/dags/elt_dag.py
[2025-11-11T18:20:52.326+0000] {processor.py:925} INFO - DAG(s) 'elt_and_dbt' retrieved from /opt/airflow/dags/elt_dag.py
[2025-11-11T18:20:52.379+0000] {logging_mixin.py:190} INFO - [2025-11-11T18:20:52.379+0000] {dag.py:3239} INFO - Sync 1 DAGs
[2025-11-11T18:20:52.425+0000] {logging_mixin.py:190} INFO - [2025-11-11T18:20:52.424+0000] {dag.py:4180} INFO - Setting next_dagrun for elt_and_dbt to 2025-11-11 00:00:00+00:00, run_after=2025-11-12 00:00:00+00:00
[2025-11-11T18:20:52.456+0000] {processor.py:208} INFO - Processing /opt/airflow/dags/elt_dag.py took 0.177 seconds
[2025-11-11T18:21:22.543+0000] {processor.py:186} INFO - Started process (PID=48) to work on /opt/airflow/dags/elt_dag.py
[2025-11-11T18:21:22.544+0000] {processor.py:914} INFO - Processing file /opt/airflow/dags/elt_dag.py for tasks to queue
[2025-11-11T18:21:22.549+0000] {logging_mixin.py:190} INFO - [2025-11-11T18:21:22.549+0000] {dagbag.py:588} INFO - Filling up the DagBag from /opt/airflow/dags/elt_dag.py
[2025-11-11T18:21:22.579+0000] {processor.py:925} INFO - DAG(s) 'elt_and_dbt' retrieved from /opt/airflow/dags/elt_dag.py
[2025-11-11T18:21:22.648+0000] {logging_mixin.py:190} INFO - [2025-11-11T18:21:22.640+0000] {dag.py:3239} INFO - Sync 1 DAGs
[2025-11-11T18:21:22.689+0000] {logging_mixin.py:190} INFO - [2025-11-11T18:21:22.688+0000] {dag.py:4180} INFO - Setting next_dagrun for elt_and_dbt to 2025-11-11 00:00:00+00:00, run_after=2025-11-12 00:00:00+00:00
[2025-11-11T18:21:22.717+0000] {processor.py:208} INFO - Processing /opt/airflow/dags/elt_dag.py took 0.183 seconds
[2025-11-11T18:21:52.816+0000] {processor.py:186} INFO - Started process (PID=49) to work on /opt/airflow/dags/elt_dag.py
[2025-11-11T18:21:52.817+0000] {processor.py:914} INFO - Processing file /opt/airflow/dags/elt_dag.py for tasks to queue
[2025-11-11T18:21:52.821+0000] {logging_mixin.py:190} INFO - [2025-11-11T18:21:52.820+0000] {dagbag.py:588} INFO - Filling up the DagBag from /opt/airflow/dags/elt_dag.py
[2025-11-11T18:21:52.847+0000] {processor.py:925} INFO - DAG(s) 'elt_and_dbt' retrieved from /opt/airflow/dags/elt_dag.py
[2025-11-11T18:21:52.897+0000] {logging_mixin.py:190} INFO - [2025-11-11T18:21:52.896+0000] {dag.py:3239} INFO - Sync 1 DAGs
[2025-11-11T18:21:52.937+0000] {logging_mixin.py:190} INFO - [2025-11-11T18:21:52.937+0000] {dag.py:4180} INFO - Setting next_dagrun for elt_and_dbt to 2025-11-11 00:00:00+00:00, run_after=2025-11-12 00:00:00+00:00
[2025-11-11T18:21:53.136+0000] {processor.py:208} INFO - Processing /opt/airflow/dags/elt_dag.py took 0.330 seconds
[2025-11-11T18:22:23.283+0000] {processor.py:186} INFO - Started process (PID=50) to work on /opt/airflow/dags/elt_dag.py
[2025-11-11T18:22:23.284+0000] {processor.py:914} INFO - Processing file /opt/airflow/dags/elt_dag.py for tasks to queue
[2025-11-11T18:22:23.288+0000] {logging_mixin.py:190} INFO - [2025-11-11T18:22:23.287+0000] {dagbag.py:588} INFO - Filling up the DagBag from /opt/airflow/dags/elt_dag.py
[2025-11-11T18:22:23.317+0000] {processor.py:925} INFO - DAG(s) 'elt_and_dbt' retrieved from /opt/airflow/dags/elt_dag.py
[2025-11-11T18:22:23.369+0000] {logging_mixin.py:190} INFO - [2025-11-11T18:22:23.369+0000] {dag.py:3239} INFO - Sync 1 DAGs
[2025-11-11T18:22:23.592+0000] {logging_mixin.py:190} INFO - [2025-11-11T18:22:23.591+0000] {dag.py:4180} INFO - Setting next_dagrun for elt_and_dbt to 2025-11-11 00:00:00+00:00, run_after=2025-11-12 00:00:00+00:00
[2025-11-11T18:22:23.619+0000] {processor.py:208} INFO - Processing /opt/airflow/dags/elt_dag.py took 0.345 seconds
[2025-11-11T18:22:54.367+0000] {processor.py:186} INFO - Started process (PID=51) to work on /opt/airflow/dags/elt_dag.py
[2025-11-11T18:22:54.374+0000] {processor.py:914} INFO - Processing file /opt/airflow/dags/elt_dag.py for tasks to queue
[2025-11-11T18:22:54.387+0000] {logging_mixin.py:190} INFO - [2025-11-11T18:22:54.386+0000] {dagbag.py:588} INFO - Filling up the DagBag from /opt/airflow/dags/elt_dag.py
[2025-11-11T18:22:54.444+0000] {processor.py:925} INFO - DAG(s) 'elt_and_dbt' retrieved from /opt/airflow/dags/elt_dag.py
[2025-11-11T18:22:54.526+0000] {logging_mixin.py:190} INFO - [2025-11-11T18:22:54.526+0000] {dag.py:3239} INFO - Sync 1 DAGs
[2025-11-11T18:22:54.792+0000] {logging_mixin.py:190} INFO - [2025-11-11T18:22:54.792+0000] {dag.py:4180} INFO - Setting next_dagrun for elt_and_dbt to 2025-11-11 00:00:00+00:00, run_after=2025-11-12 00:00:00+00:00
[2025-11-11T18:22:54.820+0000] {processor.py:208} INFO - Processing /opt/airflow/dags/elt_dag.py took 0.812 seconds
[2025-11-11T18:23:25.106+0000] {processor.py:186} INFO - Started process (PID=52) to work on /opt/airflow/dags/elt_dag.py
[2025-11-11T18:23:25.107+0000] {processor.py:914} INFO - Processing file /opt/airflow/dags/elt_dag.py for tasks to queue
[2025-11-11T18:23:25.111+0000] {logging_mixin.py:190} INFO - [2025-11-11T18:23:25.111+0000] {dagbag.py:588} INFO - Filling up the DagBag from /opt/airflow/dags/elt_dag.py
[2025-11-11T18:23:25.140+0000] {processor.py:925} INFO - DAG(s) 'elt_and_dbt' retrieved from /opt/airflow/dags/elt_dag.py
[2025-11-11T18:23:25.372+0000] {logging_mixin.py:190} INFO - [2025-11-11T18:23:25.371+0000] {dag.py:3239} INFO - Sync 1 DAGs
[2025-11-11T18:23:25.411+0000] {logging_mixin.py:190} INFO - [2025-11-11T18:23:25.410+0000] {dag.py:4180} INFO - Setting next_dagrun for elt_and_dbt to 2025-11-11 00:00:00+00:00, run_after=2025-11-12 00:00:00+00:00
[2025-11-11T18:23:25.439+0000] {processor.py:208} INFO - Processing /opt/airflow/dags/elt_dag.py took 0.343 seconds
[2025-11-11T18:23:55.745+0000] {processor.py:186} INFO - Started process (PID=53) to work on /opt/airflow/dags/elt_dag.py
[2025-11-11T18:23:55.747+0000] {processor.py:914} INFO - Processing file /opt/airflow/dags/elt_dag.py for tasks to queue
[2025-11-11T18:23:55.752+0000] {logging_mixin.py:190} INFO - [2025-11-11T18:23:55.751+0000] {dagbag.py:588} INFO - Filling up the DagBag from /opt/airflow/dags/elt_dag.py
[2025-11-11T18:23:56.204+0000] {processor.py:925} INFO - DAG(s) 'elt_and_dbt' retrieved from /opt/airflow/dags/elt_dag.py
[2025-11-11T18:23:56.270+0000] {logging_mixin.py:190} INFO - [2025-11-11T18:23:56.269+0000] {dag.py:3239} INFO - Sync 1 DAGs
[2025-11-11T18:23:56.312+0000] {logging_mixin.py:190} INFO - [2025-11-11T18:23:56.312+0000] {dag.py:4180} INFO - Setting next_dagrun for elt_and_dbt to 2025-11-11 00:00:00+00:00, run_after=2025-11-12 00:00:00+00:00
[2025-11-11T18:23:56.344+0000] {processor.py:208} INFO - Processing /opt/airflow/dags/elt_dag.py took 0.609 seconds
[2025-11-11T18:24:26.690+0000] {processor.py:186} INFO - Started process (PID=54) to work on /opt/airflow/dags/elt_dag.py
[2025-11-11T18:24:26.691+0000] {processor.py:914} INFO - Processing file /opt/airflow/dags/elt_dag.py for tasks to queue
[2025-11-11T18:24:26.695+0000] {logging_mixin.py:190} INFO - [2025-11-11T18:24:26.694+0000] {dagbag.py:588} INFO - Filling up the DagBag from /opt/airflow/dags/elt_dag.py
[2025-11-11T18:24:26.723+0000] {processor.py:925} INFO - DAG(s) 'elt_and_dbt' retrieved from /opt/airflow/dags/elt_dag.py
[2025-11-11T18:24:26.775+0000] {logging_mixin.py:190} INFO - [2025-11-11T18:24:26.775+0000] {dag.py:3239} INFO - Sync 1 DAGs
[2025-11-11T18:24:26.811+0000] {logging_mixin.py:190} INFO - [2025-11-11T18:24:26.811+0000] {dag.py:4180} INFO - Setting next_dagrun for elt_and_dbt to 2025-11-11 00:00:00+00:00, run_after=2025-11-12 00:00:00+00:00
[2025-11-11T18:24:26.839+0000] {processor.py:208} INFO - Processing /opt/airflow/dags/elt_dag.py took 0.159 seconds
[2025-11-11T18:24:56.976+0000] {processor.py:186} INFO - Started process (PID=55) to work on /opt/airflow/dags/elt_dag.py
[2025-11-11T18:24:56.977+0000] {processor.py:914} INFO - Processing file /opt/airflow/dags/elt_dag.py for tasks to queue
[2025-11-11T18:24:56.983+0000] {logging_mixin.py:190} INFO - [2025-11-11T18:24:56.983+0000] {dagbag.py:588} INFO - Filling up the DagBag from /opt/airflow/dags/elt_dag.py
[2025-11-11T18:24:57.013+0000] {processor.py:925} INFO - DAG(s) 'elt_and_dbt' retrieved from /opt/airflow/dags/elt_dag.py
[2025-11-11T18:24:57.061+0000] {logging_mixin.py:190} INFO - [2025-11-11T18:24:57.060+0000] {dag.py:3239} INFO - Sync 1 DAGs
[2025-11-11T18:24:57.106+0000] {logging_mixin.py:190} INFO - [2025-11-11T18:24:57.105+0000] {dag.py:4180} INFO - Setting next_dagrun for elt_and_dbt to 2025-11-11 00:00:00+00:00, run_after=2025-11-12 00:00:00+00:00
[2025-11-11T18:24:57.136+0000] {processor.py:208} INFO - Processing /opt/airflow/dags/elt_dag.py took 0.172 seconds
[2025-11-11T18:25:27.378+0000] {processor.py:186} INFO - Started process (PID=56) to work on /opt/airflow/dags/elt_dag.py
[2025-11-11T18:25:27.380+0000] {processor.py:914} INFO - Processing file /opt/airflow/dags/elt_dag.py for tasks to queue
[2025-11-11T18:25:27.384+0000] {logging_mixin.py:190} INFO - [2025-11-11T18:25:27.384+0000] {dagbag.py:588} INFO - Filling up the DagBag from /opt/airflow/dags/elt_dag.py
[2025-11-11T18:25:27.418+0000] {processor.py:925} INFO - DAG(s) 'elt_and_dbt' retrieved from /opt/airflow/dags/elt_dag.py
[2025-11-11T18:25:27.467+0000] {logging_mixin.py:190} INFO - [2025-11-11T18:25:27.467+0000] {dag.py:3239} INFO - Sync 1 DAGs
[2025-11-11T18:25:27.506+0000] {logging_mixin.py:190} INFO - [2025-11-11T18:25:27.506+0000] {dag.py:4180} INFO - Setting next_dagrun for elt_and_dbt to 2025-11-11 00:00:00+00:00, run_after=2025-11-12 00:00:00+00:00
[2025-11-11T18:25:27.535+0000] {processor.py:208} INFO - Processing /opt/airflow/dags/elt_dag.py took 0.167 seconds
[2025-11-11T18:25:57.741+0000] {processor.py:186} INFO - Started process (PID=57) to work on /opt/airflow/dags/elt_dag.py
[2025-11-11T18:25:57.743+0000] {processor.py:914} INFO - Processing file /opt/airflow/dags/elt_dag.py for tasks to queue
[2025-11-11T18:25:57.747+0000] {logging_mixin.py:190} INFO - [2025-11-11T18:25:57.746+0000] {dagbag.py:588} INFO - Filling up the DagBag from /opt/airflow/dags/elt_dag.py
[2025-11-11T18:25:57.783+0000] {processor.py:925} INFO - DAG(s) 'elt_and_dbt' retrieved from /opt/airflow/dags/elt_dag.py
[2025-11-11T18:25:57.848+0000] {logging_mixin.py:190} INFO - [2025-11-11T18:25:57.848+0000] {dag.py:3239} INFO - Sync 1 DAGs
[2025-11-11T18:25:57.894+0000] {logging_mixin.py:190} INFO - [2025-11-11T18:25:57.893+0000] {dag.py:4180} INFO - Setting next_dagrun for elt_and_dbt to 2025-11-11 00:00:00+00:00, run_after=2025-11-12 00:00:00+00:00
[2025-11-11T18:25:57.925+0000] {processor.py:208} INFO - Processing /opt/airflow/dags/elt_dag.py took 0.195 seconds
[2025-11-11T18:26:28.125+0000] {processor.py:186} INFO - Started process (PID=58) to work on /opt/airflow/dags/elt_dag.py
[2025-11-11T18:26:28.126+0000] {processor.py:914} INFO - Processing file /opt/airflow/dags/elt_dag.py for tasks to queue
[2025-11-11T18:26:28.130+0000] {logging_mixin.py:190} INFO - [2025-11-11T18:26:28.130+0000] {dagbag.py:588} INFO - Filling up the DagBag from /opt/airflow/dags/elt_dag.py
[2025-11-11T18:26:28.161+0000] {processor.py:925} INFO - DAG(s) 'elt_and_dbt' retrieved from /opt/airflow/dags/elt_dag.py
[2025-11-11T18:26:28.228+0000] {logging_mixin.py:190} INFO - [2025-11-11T18:26:28.227+0000] {dag.py:3239} INFO - Sync 1 DAGs
[2025-11-11T18:26:28.269+0000] {logging_mixin.py:190} INFO - [2025-11-11T18:26:28.269+0000] {dag.py:4180} INFO - Setting next_dagrun for elt_and_dbt to 2025-11-11 00:00:00+00:00, run_after=2025-11-12 00:00:00+00:00
[2025-11-11T18:26:28.299+0000] {processor.py:208} INFO - Processing /opt/airflow/dags/elt_dag.py took 0.186 seconds
[2025-11-11T18:26:58.616+0000] {processor.py:186} INFO - Started process (PID=59) to work on /opt/airflow/dags/elt_dag.py
[2025-11-11T18:26:58.620+0000] {processor.py:914} INFO - Processing file /opt/airflow/dags/elt_dag.py for tasks to queue
[2025-11-11T18:26:58.632+0000] {logging_mixin.py:190} INFO - [2025-11-11T18:26:58.631+0000] {dagbag.py:588} INFO - Filling up the DagBag from /opt/airflow/dags/elt_dag.py
[2025-11-11T18:26:58.707+0000] {processor.py:925} INFO - DAG(s) 'elt_and_dbt' retrieved from /opt/airflow/dags/elt_dag.py
[2025-11-11T18:26:58.755+0000] {logging_mixin.py:190} INFO - [2025-11-11T18:26:58.755+0000] {dag.py:3239} INFO - Sync 1 DAGs
[2025-11-11T18:26:58.793+0000] {logging_mixin.py:190} INFO - [2025-11-11T18:26:58.793+0000] {dag.py:4180} INFO - Setting next_dagrun for elt_and_dbt to 2025-11-11 00:00:00+00:00, run_after=2025-11-12 00:00:00+00:00
[2025-11-11T18:26:58.819+0000] {processor.py:208} INFO - Processing /opt/airflow/dags/elt_dag.py took 0.224 seconds
[2025-11-11T18:27:28.929+0000] {processor.py:186} INFO - Started process (PID=66) to work on /opt/airflow/dags/elt_dag.py
[2025-11-11T18:27:28.930+0000] {processor.py:914} INFO - Processing file /opt/airflow/dags/elt_dag.py for tasks to queue
[2025-11-11T18:27:28.935+0000] {logging_mixin.py:190} INFO - [2025-11-11T18:27:28.935+0000] {dagbag.py:588} INFO - Filling up the DagBag from /opt/airflow/dags/elt_dag.py
[2025-11-11T18:27:28.963+0000] {processor.py:925} INFO - DAG(s) 'elt_and_dbt' retrieved from /opt/airflow/dags/elt_dag.py
[2025-11-11T18:27:29.012+0000] {logging_mixin.py:190} INFO - [2025-11-11T18:27:29.012+0000] {dag.py:3239} INFO - Sync 1 DAGs
[2025-11-11T18:27:29.052+0000] {logging_mixin.py:190} INFO - [2025-11-11T18:27:29.051+0000] {dag.py:4180} INFO - Setting next_dagrun for elt_and_dbt to 2025-11-11 00:00:00+00:00, run_after=2025-11-12 00:00:00+00:00
[2025-11-11T18:27:29.083+0000] {processor.py:208} INFO - Processing /opt/airflow/dags/elt_dag.py took 0.164 seconds
[2025-11-11T18:27:59.204+0000] {processor.py:186} INFO - Started process (PID=67) to work on /opt/airflow/dags/elt_dag.py
[2025-11-11T18:27:59.205+0000] {processor.py:914} INFO - Processing file /opt/airflow/dags/elt_dag.py for tasks to queue
[2025-11-11T18:27:59.210+0000] {logging_mixin.py:190} INFO - [2025-11-11T18:27:59.209+0000] {dagbag.py:588} INFO - Filling up the DagBag from /opt/airflow/dags/elt_dag.py
[2025-11-11T18:27:59.238+0000] {processor.py:925} INFO - DAG(s) 'elt_and_dbt' retrieved from /opt/airflow/dags/elt_dag.py
[2025-11-11T18:27:59.288+0000] {logging_mixin.py:190} INFO - [2025-11-11T18:27:59.288+0000] {dag.py:3239} INFO - Sync 1 DAGs
[2025-11-11T18:27:59.329+0000] {logging_mixin.py:190} INFO - [2025-11-11T18:27:59.329+0000] {dag.py:4180} INFO - Setting next_dagrun for elt_and_dbt to 2025-11-11 00:00:00+00:00, run_after=2025-11-12 00:00:00+00:00
[2025-11-11T18:27:59.357+0000] {processor.py:208} INFO - Processing /opt/airflow/dags/elt_dag.py took 0.163 seconds
[2025-11-11T18:29:19.657+0000] {processor.py:186} INFO - Started process (PID=30) to work on /opt/airflow/dags/elt_dag.py
[2025-11-11T18:29:19.660+0000] {processor.py:914} INFO - Processing file /opt/airflow/dags/elt_dag.py for tasks to queue
[2025-11-11T18:29:19.664+0000] {logging_mixin.py:190} INFO - [2025-11-11T18:29:19.663+0000] {dagbag.py:588} INFO - Filling up the DagBag from /opt/airflow/dags/elt_dag.py
[2025-11-11T18:29:19.739+0000] {processor.py:925} INFO - DAG(s) 'elt_and_dbt' retrieved from /opt/airflow/dags/elt_dag.py
[2025-11-11T18:29:19.810+0000] {logging_mixin.py:190} INFO - [2025-11-11T18:29:19.810+0000] {dag.py:3239} INFO - Sync 1 DAGs
[2025-11-11T18:29:19.854+0000] {logging_mixin.py:190} INFO - [2025-11-11T18:29:19.854+0000] {dag.py:4180} INFO - Setting next_dagrun for elt_and_dbt to 2025-11-11 00:00:00+00:00, run_after=2025-11-12 00:00:00+00:00
[2025-11-11T18:29:19.882+0000] {processor.py:208} INFO - Processing /opt/airflow/dags/elt_dag.py took 0.235 seconds
[2025-11-11T18:30:39.796+0000] {processor.py:186} INFO - Started process (PID=30) to work on /opt/airflow/dags/elt_dag.py
[2025-11-11T18:30:39.798+0000] {processor.py:914} INFO - Processing file /opt/airflow/dags/elt_dag.py for tasks to queue
[2025-11-11T18:30:39.802+0000] {logging_mixin.py:190} INFO - [2025-11-11T18:30:39.801+0000] {dagbag.py:588} INFO - Filling up the DagBag from /opt/airflow/dags/elt_dag.py
[2025-11-11T18:30:39.872+0000] {processor.py:925} INFO - DAG(s) 'elt_and_dbt' retrieved from /opt/airflow/dags/elt_dag.py
[2025-11-11T18:30:40.276+0000] {logging_mixin.py:190} INFO - [2025-11-11T18:30:40.275+0000] {override.py:1900} INFO - Created Permission View: can edit on DAG:elt_and_dbt
[2025-11-11T18:30:40.296+0000] {logging_mixin.py:190} INFO - [2025-11-11T18:30:40.296+0000] {override.py:1900} INFO - Created Permission View: can read on DAG:elt_and_dbt
[2025-11-11T18:30:40.310+0000] {logging_mixin.py:190} INFO - [2025-11-11T18:30:40.309+0000] {override.py:1900} INFO - Created Permission View: can delete on DAG:elt_and_dbt
[2025-11-11T18:30:40.324+0000] {logging_mixin.py:190} INFO - [2025-11-11T18:30:40.323+0000] {override.py:1900} INFO - Created Permission View: can delete on DAG Run:elt_and_dbt
[2025-11-11T18:30:40.335+0000] {logging_mixin.py:190} INFO - [2025-11-11T18:30:40.335+0000] {override.py:1900} INFO - Created Permission View: can create on DAG Run:elt_and_dbt
[2025-11-11T18:30:40.346+0000] {logging_mixin.py:190} INFO - [2025-11-11T18:30:40.346+0000] {override.py:1900} INFO - Created Permission View: can read on DAG Run:elt_and_dbt
[2025-11-11T18:30:40.357+0000] {logging_mixin.py:190} INFO - [2025-11-11T18:30:40.357+0000] {override.py:1900} INFO - Created Permission View: menu access on DAG Run:elt_and_dbt
[2025-11-11T18:30:40.358+0000] {logging_mixin.py:190} INFO - [2025-11-11T18:30:40.358+0000] {dag.py:3239} INFO - Sync 1 DAGs
[2025-11-11T18:30:40.619+0000] {logging_mixin.py:190} INFO - [2025-11-11T18:30:40.619+0000] {dag.py:3262} INFO - Creating ORM DAG for elt_and_dbt
[2025-11-11T18:30:40.639+0000] {logging_mixin.py:190} INFO - [2025-11-11T18:30:40.639+0000] {dag.py:4180} INFO - Setting next_dagrun for elt_and_dbt to 2025-11-11 00:00:00+00:00, run_after=2025-11-12 00:00:00+00:00
[2025-11-11T18:30:40.668+0000] {processor.py:208} INFO - Processing /opt/airflow/dags/elt_dag.py took 0.881 seconds
[2025-11-11T18:31:10.976+0000] {processor.py:186} INFO - Started process (PID=31) to work on /opt/airflow/dags/elt_dag.py
[2025-11-11T18:31:10.977+0000] {processor.py:914} INFO - Processing file /opt/airflow/dags/elt_dag.py for tasks to queue
[2025-11-11T18:31:10.981+0000] {logging_mixin.py:190} INFO - [2025-11-11T18:31:10.981+0000] {dagbag.py:588} INFO - Filling up the DagBag from /opt/airflow/dags/elt_dag.py
[2025-11-11T18:31:11.008+0000] {processor.py:925} INFO - DAG(s) 'elt_and_dbt' retrieved from /opt/airflow/dags/elt_dag.py
[2025-11-11T18:31:11.060+0000] {logging_mixin.py:190} INFO - [2025-11-11T18:31:11.060+0000] {dag.py:3239} INFO - Sync 1 DAGs
[2025-11-11T18:31:11.096+0000] {logging_mixin.py:190} INFO - [2025-11-11T18:31:11.096+0000] {dag.py:4180} INFO - Setting next_dagrun for elt_and_dbt to 2025-11-11 00:00:00+00:00, run_after=2025-11-12 00:00:00+00:00
[2025-11-11T18:31:11.122+0000] {processor.py:208} INFO - Processing /opt/airflow/dags/elt_dag.py took 0.155 seconds
[2025-11-11T18:31:41.319+0000] {processor.py:186} INFO - Started process (PID=32) to work on /opt/airflow/dags/elt_dag.py
[2025-11-11T18:31:41.321+0000] {processor.py:914} INFO - Processing file /opt/airflow/dags/elt_dag.py for tasks to queue
[2025-11-11T18:31:41.325+0000] {logging_mixin.py:190} INFO - [2025-11-11T18:31:41.325+0000] {dagbag.py:588} INFO - Filling up the DagBag from /opt/airflow/dags/elt_dag.py
[2025-11-11T18:31:41.355+0000] {processor.py:925} INFO - DAG(s) 'elt_and_dbt' retrieved from /opt/airflow/dags/elt_dag.py
[2025-11-11T18:31:41.405+0000] {logging_mixin.py:190} INFO - [2025-11-11T18:31:41.404+0000] {dag.py:3239} INFO - Sync 1 DAGs
[2025-11-11T18:31:41.446+0000] {logging_mixin.py:190} INFO - [2025-11-11T18:31:41.445+0000] {dag.py:4180} INFO - Setting next_dagrun for elt_and_dbt to 2025-11-11 00:00:00+00:00, run_after=2025-11-12 00:00:00+00:00
[2025-11-11T18:31:41.474+0000] {processor.py:208} INFO - Processing /opt/airflow/dags/elt_dag.py took 0.164 seconds
[2025-11-11T18:32:11.745+0000] {processor.py:186} INFO - Started process (PID=59) to work on /opt/airflow/dags/elt_dag.py
[2025-11-11T18:32:11.746+0000] {processor.py:914} INFO - Processing file /opt/airflow/dags/elt_dag.py for tasks to queue
[2025-11-11T18:32:11.750+0000] {logging_mixin.py:190} INFO - [2025-11-11T18:32:11.750+0000] {dagbag.py:588} INFO - Filling up the DagBag from /opt/airflow/dags/elt_dag.py
[2025-11-11T18:32:11.781+0000] {processor.py:925} INFO - DAG(s) 'elt_and_dbt' retrieved from /opt/airflow/dags/elt_dag.py
[2025-11-11T18:32:11.840+0000] {logging_mixin.py:190} INFO - [2025-11-11T18:32:11.839+0000] {dag.py:3239} INFO - Sync 1 DAGs
[2025-11-11T18:32:11.918+0000] {logging_mixin.py:190} INFO - [2025-11-11T18:32:11.917+0000] {dag.py:4180} INFO - Setting next_dagrun for elt_and_dbt to 2025-11-11 00:00:00+00:00, run_after=2025-11-12 00:00:00+00:00
[2025-11-11T18:32:11.955+0000] {processor.py:208} INFO - Processing /opt/airflow/dags/elt_dag.py took 0.223 seconds
[2025-11-11T18:32:42.160+0000] {processor.py:186} INFO - Started process (PID=60) to work on /opt/airflow/dags/elt_dag.py
[2025-11-11T18:32:42.162+0000] {processor.py:914} INFO - Processing file /opt/airflow/dags/elt_dag.py for tasks to queue
[2025-11-11T18:32:42.165+0000] {logging_mixin.py:190} INFO - [2025-11-11T18:32:42.165+0000] {dagbag.py:588} INFO - Filling up the DagBag from /opt/airflow/dags/elt_dag.py
[2025-11-11T18:32:42.193+0000] {processor.py:925} INFO - DAG(s) 'elt_and_dbt' retrieved from /opt/airflow/dags/elt_dag.py
[2025-11-11T18:32:42.250+0000] {logging_mixin.py:190} INFO - [2025-11-11T18:32:42.250+0000] {dag.py:3239} INFO - Sync 1 DAGs
[2025-11-11T18:32:42.296+0000] {logging_mixin.py:190} INFO - [2025-11-11T18:32:42.296+0000] {dag.py:4180} INFO - Setting next_dagrun for elt_and_dbt to 2025-11-11 00:00:00+00:00, run_after=2025-11-12 00:00:00+00:00
[2025-11-11T18:32:43.094+0000] {processor.py:208} INFO - Processing /opt/airflow/dags/elt_dag.py took 0.942 seconds
[2025-11-11T18:33:13.381+0000] {processor.py:186} INFO - Started process (PID=61) to work on /opt/airflow/dags/elt_dag.py
[2025-11-11T18:33:13.383+0000] {processor.py:914} INFO - Processing file /opt/airflow/dags/elt_dag.py for tasks to queue
[2025-11-11T18:33:13.386+0000] {logging_mixin.py:190} INFO - [2025-11-11T18:33:13.385+0000] {dagbag.py:588} INFO - Filling up the DagBag from /opt/airflow/dags/elt_dag.py
[2025-11-11T18:33:13.414+0000] {processor.py:925} INFO - DAG(s) 'elt_and_dbt' retrieved from /opt/airflow/dags/elt_dag.py
[2025-11-11T18:33:13.468+0000] {logging_mixin.py:190} INFO - [2025-11-11T18:33:13.468+0000] {dag.py:3239} INFO - Sync 1 DAGs
[2025-11-11T18:33:13.700+0000] {logging_mixin.py:190} INFO - [2025-11-11T18:33:13.699+0000] {dag.py:4180} INFO - Setting next_dagrun for elt_and_dbt to 2025-11-11 00:00:00+00:00, run_after=2025-11-12 00:00:00+00:00
[2025-11-11T18:33:13.727+0000] {processor.py:208} INFO - Processing /opt/airflow/dags/elt_dag.py took 0.355 seconds
[2025-11-11T18:33:44.006+0000] {processor.py:186} INFO - Started process (PID=62) to work on /opt/airflow/dags/elt_dag.py
[2025-11-11T18:33:44.008+0000] {processor.py:914} INFO - Processing file /opt/airflow/dags/elt_dag.py for tasks to queue
[2025-11-11T18:33:44.012+0000] {logging_mixin.py:190} INFO - [2025-11-11T18:33:44.011+0000] {dagbag.py:588} INFO - Filling up the DagBag from /opt/airflow/dags/elt_dag.py
[2025-11-11T18:33:44.040+0000] {processor.py:925} INFO - DAG(s) 'elt_and_dbt' retrieved from /opt/airflow/dags/elt_dag.py
[2025-11-11T18:33:44.096+0000] {logging_mixin.py:190} INFO - [2025-11-11T18:33:44.095+0000] {dag.py:3239} INFO - Sync 1 DAGs
[2025-11-11T18:33:44.346+0000] {logging_mixin.py:190} INFO - [2025-11-11T18:33:44.346+0000] {dag.py:4180} INFO - Setting next_dagrun for elt_and_dbt to 2025-11-11 00:00:00+00:00, run_after=2025-11-12 00:00:00+00:00
[2025-11-11T18:33:44.374+0000] {processor.py:208} INFO - Processing /opt/airflow/dags/elt_dag.py took 0.377 seconds
[2025-11-11T18:34:14.691+0000] {processor.py:186} INFO - Started process (PID=63) to work on /opt/airflow/dags/elt_dag.py
[2025-11-11T18:34:14.692+0000] {processor.py:914} INFO - Processing file /opt/airflow/dags/elt_dag.py for tasks to queue
[2025-11-11T18:34:14.696+0000] {logging_mixin.py:190} INFO - [2025-11-11T18:34:14.695+0000] {dagbag.py:588} INFO - Filling up the DagBag from /opt/airflow/dags/elt_dag.py
[2025-11-11T18:34:14.724+0000] {processor.py:925} INFO - DAG(s) 'elt_and_dbt' retrieved from /opt/airflow/dags/elt_dag.py
[2025-11-11T18:34:14.938+0000] {logging_mixin.py:190} INFO - [2025-11-11T18:34:14.938+0000] {dag.py:3239} INFO - Sync 1 DAGs
[2025-11-11T18:34:14.971+0000] {logging_mixin.py:190} INFO - [2025-11-11T18:34:14.971+0000] {dag.py:4180} INFO - Setting next_dagrun for elt_and_dbt to 2025-11-11 00:00:00+00:00, run_after=2025-11-12 00:00:00+00:00
[2025-11-11T18:34:14.997+0000] {processor.py:208} INFO - Processing /opt/airflow/dags/elt_dag.py took 0.315 seconds
[2025-11-11T18:34:45.274+0000] {processor.py:186} INFO - Started process (PID=64) to work on /opt/airflow/dags/elt_dag.py
[2025-11-11T18:34:45.276+0000] {processor.py:914} INFO - Processing file /opt/airflow/dags/elt_dag.py for tasks to queue
[2025-11-11T18:34:45.280+0000] {logging_mixin.py:190} INFO - [2025-11-11T18:34:45.280+0000] {dagbag.py:588} INFO - Filling up the DagBag from /opt/airflow/dags/elt_dag.py
[2025-11-11T18:34:45.476+0000] {processor.py:925} INFO - DAG(s) 'elt_and_dbt' retrieved from /opt/airflow/dags/elt_dag.py
[2025-11-11T18:34:45.517+0000] {logging_mixin.py:190} INFO - [2025-11-11T18:34:45.516+0000] {dag.py:3239} INFO - Sync 1 DAGs
[2025-11-11T18:34:45.549+0000] {logging_mixin.py:190} INFO - [2025-11-11T18:34:45.549+0000] {dag.py:4180} INFO - Setting next_dagrun for elt_and_dbt to 2025-11-11 00:00:00+00:00, run_after=2025-11-12 00:00:00+00:00
[2025-11-11T18:34:45.575+0000] {processor.py:208} INFO - Processing /opt/airflow/dags/elt_dag.py took 0.309 seconds
[2025-11-11T18:35:15.861+0000] {processor.py:186} INFO - Started process (PID=65) to work on /opt/airflow/dags/elt_dag.py
[2025-11-11T18:35:15.863+0000] {processor.py:914} INFO - Processing file /opt/airflow/dags/elt_dag.py for tasks to queue
[2025-11-11T18:35:15.867+0000] {logging_mixin.py:190} INFO - [2025-11-11T18:35:15.867+0000] {dagbag.py:588} INFO - Filling up the DagBag from /opt/airflow/dags/elt_dag.py
[2025-11-11T18:35:15.897+0000] {processor.py:925} INFO - DAG(s) 'elt_and_dbt' retrieved from /opt/airflow/dags/elt_dag.py
[2025-11-11T18:35:15.948+0000] {logging_mixin.py:190} INFO - [2025-11-11T18:35:15.947+0000] {dag.py:3239} INFO - Sync 1 DAGs
[2025-11-11T18:35:15.984+0000] {logging_mixin.py:190} INFO - [2025-11-11T18:35:15.984+0000] {dag.py:4180} INFO - Setting next_dagrun for elt_and_dbt to 2025-11-11 00:00:00+00:00, run_after=2025-11-12 00:00:00+00:00
[2025-11-11T18:35:16.014+0000] {processor.py:208} INFO - Processing /opt/airflow/dags/elt_dag.py took 0.162 seconds
[2025-11-11T18:35:46.195+0000] {processor.py:186} INFO - Started process (PID=66) to work on /opt/airflow/dags/elt_dag.py
[2025-11-11T18:35:46.212+0000] {processor.py:914} INFO - Processing file /opt/airflow/dags/elt_dag.py for tasks to queue
[2025-11-11T18:35:46.218+0000] {logging_mixin.py:190} INFO - [2025-11-11T18:35:46.216+0000] {dagbag.py:588} INFO - Filling up the DagBag from /opt/airflow/dags/elt_dag.py
[2025-11-11T18:35:46.249+0000] {processor.py:925} INFO - DAG(s) 'elt_and_dbt' retrieved from /opt/airflow/dags/elt_dag.py
[2025-11-11T18:35:46.325+0000] {logging_mixin.py:190} INFO - [2025-11-11T18:35:46.324+0000] {dag.py:3239} INFO - Sync 1 DAGs
[2025-11-11T18:35:46.378+0000] {logging_mixin.py:190} INFO - [2025-11-11T18:35:46.378+0000] {dag.py:4180} INFO - Setting next_dagrun for elt_and_dbt to 2025-11-11 00:00:00+00:00, run_after=2025-11-12 00:00:00+00:00
[2025-11-11T18:35:46.409+0000] {processor.py:208} INFO - Processing /opt/airflow/dags/elt_dag.py took 0.268 seconds
[2025-11-11T18:36:16.565+0000] {processor.py:186} INFO - Started process (PID=67) to work on /opt/airflow/dags/elt_dag.py
[2025-11-11T18:36:16.567+0000] {processor.py:914} INFO - Processing file /opt/airflow/dags/elt_dag.py for tasks to queue
[2025-11-11T18:36:16.570+0000] {logging_mixin.py:190} INFO - [2025-11-11T18:36:16.570+0000] {dagbag.py:588} INFO - Filling up the DagBag from /opt/airflow/dags/elt_dag.py
[2025-11-11T18:36:16.598+0000] {processor.py:925} INFO - DAG(s) 'elt_and_dbt' retrieved from /opt/airflow/dags/elt_dag.py
[2025-11-11T18:36:16.669+0000] {logging_mixin.py:190} INFO - [2025-11-11T18:36:16.669+0000] {dag.py:3239} INFO - Sync 1 DAGs
[2025-11-11T18:36:16.717+0000] {logging_mixin.py:190} INFO - [2025-11-11T18:36:16.715+0000] {dag.py:4180} INFO - Setting next_dagrun for elt_and_dbt to 2025-11-11 00:00:00+00:00, run_after=2025-11-12 00:00:00+00:00
[2025-11-11T18:36:16.760+0000] {processor.py:208} INFO - Processing /opt/airflow/dags/elt_dag.py took 0.205 seconds
[2025-11-11T18:36:47.008+0000] {processor.py:186} INFO - Started process (PID=68) to work on /opt/airflow/dags/elt_dag.py
[2025-11-11T18:36:47.010+0000] {processor.py:914} INFO - Processing file /opt/airflow/dags/elt_dag.py for tasks to queue
[2025-11-11T18:36:47.015+0000] {logging_mixin.py:190} INFO - [2025-11-11T18:36:47.014+0000] {dagbag.py:588} INFO - Filling up the DagBag from /opt/airflow/dags/elt_dag.py
[2025-11-11T18:36:47.048+0000] {processor.py:925} INFO - DAG(s) 'elt_and_dbt' retrieved from /opt/airflow/dags/elt_dag.py
[2025-11-11T18:36:47.103+0000] {logging_mixin.py:190} INFO - [2025-11-11T18:36:47.103+0000] {dag.py:3239} INFO - Sync 1 DAGs
[2025-11-11T18:36:47.144+0000] {logging_mixin.py:190} INFO - [2025-11-11T18:36:47.143+0000] {dag.py:4180} INFO - Setting next_dagrun for elt_and_dbt to 2025-11-11 00:00:00+00:00, run_after=2025-11-12 00:00:00+00:00
[2025-11-11T18:36:47.174+0000] {processor.py:208} INFO - Processing /opt/airflow/dags/elt_dag.py took 0.178 seconds
[2025-11-11T18:37:17.293+0000] {processor.py:186} INFO - Started process (PID=69) to work on /opt/airflow/dags/elt_dag.py
[2025-11-11T18:37:17.295+0000] {processor.py:914} INFO - Processing file /opt/airflow/dags/elt_dag.py for tasks to queue
[2025-11-11T18:37:17.299+0000] {logging_mixin.py:190} INFO - [2025-11-11T18:37:17.299+0000] {dagbag.py:588} INFO - Filling up the DagBag from /opt/airflow/dags/elt_dag.py
[2025-11-11T18:37:17.332+0000] {processor.py:925} INFO - DAG(s) 'elt_and_dbt' retrieved from /opt/airflow/dags/elt_dag.py
[2025-11-11T18:37:17.382+0000] {logging_mixin.py:190} INFO - [2025-11-11T18:37:17.382+0000] {dag.py:3239} INFO - Sync 1 DAGs
[2025-11-11T18:37:17.428+0000] {logging_mixin.py:190} INFO - [2025-11-11T18:37:17.428+0000] {dag.py:4180} INFO - Setting next_dagrun for elt_and_dbt to 2025-11-11 00:00:00+00:00, run_after=2025-11-12 00:00:00+00:00
[2025-11-11T18:37:17.458+0000] {processor.py:208} INFO - Processing /opt/airflow/dags/elt_dag.py took 0.179 seconds
[2025-11-11T18:37:47.773+0000] {processor.py:186} INFO - Started process (PID=70) to work on /opt/airflow/dags/elt_dag.py
[2025-11-11T18:37:47.774+0000] {processor.py:914} INFO - Processing file /opt/airflow/dags/elt_dag.py for tasks to queue
[2025-11-11T18:37:47.778+0000] {logging_mixin.py:190} INFO - [2025-11-11T18:37:47.778+0000] {dagbag.py:588} INFO - Filling up the DagBag from /opt/airflow/dags/elt_dag.py
[2025-11-11T18:37:47.806+0000] {processor.py:925} INFO - DAG(s) 'elt_and_dbt' retrieved from /opt/airflow/dags/elt_dag.py
[2025-11-11T18:37:47.851+0000] {logging_mixin.py:190} INFO - [2025-11-11T18:37:47.851+0000] {dag.py:3239} INFO - Sync 1 DAGs
[2025-11-11T18:37:47.888+0000] {logging_mixin.py:190} INFO - [2025-11-11T18:37:47.888+0000] {dag.py:4180} INFO - Setting next_dagrun for elt_and_dbt to 2025-11-11 00:00:00+00:00, run_after=2025-11-12 00:00:00+00:00
[2025-11-11T18:37:47.915+0000] {processor.py:208} INFO - Processing /opt/airflow/dags/elt_dag.py took 0.152 seconds
[2025-11-11T18:38:18.072+0000] {processor.py:186} INFO - Started process (PID=71) to work on /opt/airflow/dags/elt_dag.py
[2025-11-11T18:38:18.073+0000] {processor.py:914} INFO - Processing file /opt/airflow/dags/elt_dag.py for tasks to queue
[2025-11-11T18:38:18.078+0000] {logging_mixin.py:190} INFO - [2025-11-11T18:38:18.078+0000] {dagbag.py:588} INFO - Filling up the DagBag from /opt/airflow/dags/elt_dag.py
[2025-11-11T18:38:18.106+0000] {processor.py:925} INFO - DAG(s) 'elt_and_dbt' retrieved from /opt/airflow/dags/elt_dag.py
[2025-11-11T18:38:18.152+0000] {logging_mixin.py:190} INFO - [2025-11-11T18:38:18.152+0000] {dag.py:3239} INFO - Sync 1 DAGs
[2025-11-11T18:38:18.190+0000] {logging_mixin.py:190} INFO - [2025-11-11T18:38:18.190+0000] {dag.py:4180} INFO - Setting next_dagrun for elt_and_dbt to 2025-11-11 00:00:00+00:00, run_after=2025-11-12 00:00:00+00:00
[2025-11-11T18:38:18.222+0000] {processor.py:208} INFO - Processing /opt/airflow/dags/elt_dag.py took 0.160 seconds
[2025-11-11T18:38:48.444+0000] {processor.py:186} INFO - Started process (PID=72) to work on /opt/airflow/dags/elt_dag.py
[2025-11-11T18:38:48.446+0000] {processor.py:914} INFO - Processing file /opt/airflow/dags/elt_dag.py for tasks to queue
[2025-11-11T18:38:48.451+0000] {logging_mixin.py:190} INFO - [2025-11-11T18:38:48.450+0000] {dagbag.py:588} INFO - Filling up the DagBag from /opt/airflow/dags/elt_dag.py
[2025-11-11T18:38:48.478+0000] {processor.py:925} INFO - DAG(s) 'elt_and_dbt' retrieved from /opt/airflow/dags/elt_dag.py
[2025-11-11T18:38:48.525+0000] {logging_mixin.py:190} INFO - [2025-11-11T18:38:48.524+0000] {dag.py:3239} INFO - Sync 1 DAGs
[2025-11-11T18:38:48.576+0000] {logging_mixin.py:190} INFO - [2025-11-11T18:38:48.576+0000] {dag.py:4180} INFO - Setting next_dagrun for elt_and_dbt to 2025-11-11 00:00:00+00:00, run_after=2025-11-12 00:00:00+00:00
[2025-11-11T18:38:48.606+0000] {processor.py:208} INFO - Processing /opt/airflow/dags/elt_dag.py took 0.173 seconds
[2025-11-11T18:39:18.797+0000] {processor.py:186} INFO - Started process (PID=73) to work on /opt/airflow/dags/elt_dag.py
[2025-11-11T18:39:18.799+0000] {processor.py:914} INFO - Processing file /opt/airflow/dags/elt_dag.py for tasks to queue
[2025-11-11T18:39:18.804+0000] {logging_mixin.py:190} INFO - [2025-11-11T18:39:18.803+0000] {dagbag.py:588} INFO - Filling up the DagBag from /opt/airflow/dags/elt_dag.py
[2025-11-11T18:39:18.858+0000] {processor.py:925} INFO - DAG(s) 'elt_and_dbt' retrieved from /opt/airflow/dags/elt_dag.py
[2025-11-11T18:39:18.916+0000] {logging_mixin.py:190} INFO - [2025-11-11T18:39:18.915+0000] {dag.py:3239} INFO - Sync 1 DAGs
[2025-11-11T18:39:18.957+0000] {logging_mixin.py:190} INFO - [2025-11-11T18:39:18.957+0000] {dag.py:4180} INFO - Setting next_dagrun for elt_and_dbt to 2025-11-11 00:00:00+00:00, run_after=2025-11-12 00:00:00+00:00
[2025-11-11T18:39:18.986+0000] {processor.py:208} INFO - Processing /opt/airflow/dags/elt_dag.py took 0.203 seconds
[2025-11-11T18:39:49.185+0000] {processor.py:186} INFO - Started process (PID=74) to work on /opt/airflow/dags/elt_dag.py
[2025-11-11T18:39:49.187+0000] {processor.py:914} INFO - Processing file /opt/airflow/dags/elt_dag.py for tasks to queue
[2025-11-11T18:39:49.191+0000] {logging_mixin.py:190} INFO - [2025-11-11T18:39:49.191+0000] {dagbag.py:588} INFO - Filling up the DagBag from /opt/airflow/dags/elt_dag.py
[2025-11-11T18:39:49.223+0000] {processor.py:925} INFO - DAG(s) 'elt_and_dbt' retrieved from /opt/airflow/dags/elt_dag.py
[2025-11-11T18:39:49.274+0000] {logging_mixin.py:190} INFO - [2025-11-11T18:39:49.274+0000] {dag.py:3239} INFO - Sync 1 DAGs
[2025-11-11T18:39:49.317+0000] {logging_mixin.py:190} INFO - [2025-11-11T18:39:49.317+0000] {dag.py:4180} INFO - Setting next_dagrun for elt_and_dbt to 2025-11-11 00:00:00+00:00, run_after=2025-11-12 00:00:00+00:00
[2025-11-11T18:39:49.346+0000] {processor.py:208} INFO - Processing /opt/airflow/dags/elt_dag.py took 0.170 seconds
[2025-11-11T18:40:19.545+0000] {processor.py:186} INFO - Started process (PID=75) to work on /opt/airflow/dags/elt_dag.py
[2025-11-11T18:40:19.547+0000] {processor.py:914} INFO - Processing file /opt/airflow/dags/elt_dag.py for tasks to queue
[2025-11-11T18:40:19.551+0000] {logging_mixin.py:190} INFO - [2025-11-11T18:40:19.551+0000] {dagbag.py:588} INFO - Filling up the DagBag from /opt/airflow/dags/elt_dag.py
[2025-11-11T18:40:19.582+0000] {processor.py:925} INFO - DAG(s) 'elt_and_dbt' retrieved from /opt/airflow/dags/elt_dag.py
[2025-11-11T18:40:19.649+0000] {logging_mixin.py:190} INFO - [2025-11-11T18:40:19.649+0000] {dag.py:3239} INFO - Sync 1 DAGs
[2025-11-11T18:40:19.686+0000] {logging_mixin.py:190} INFO - [2025-11-11T18:40:19.685+0000] {dag.py:4180} INFO - Setting next_dagrun for elt_and_dbt to 2025-11-11 00:00:00+00:00, run_after=2025-11-12 00:00:00+00:00
[2025-11-11T18:40:19.713+0000] {processor.py:208} INFO - Processing /opt/airflow/dags/elt_dag.py took 0.179 seconds
[2025-11-11T18:40:50.032+0000] {processor.py:186} INFO - Started process (PID=76) to work on /opt/airflow/dags/elt_dag.py
[2025-11-11T18:40:50.034+0000] {processor.py:914} INFO - Processing file /opt/airflow/dags/elt_dag.py for tasks to queue
[2025-11-11T18:40:50.039+0000] {logging_mixin.py:190} INFO - [2025-11-11T18:40:50.038+0000] {dagbag.py:588} INFO - Filling up the DagBag from /opt/airflow/dags/elt_dag.py
[2025-11-11T18:40:50.067+0000] {processor.py:925} INFO - DAG(s) 'elt_and_dbt' retrieved from /opt/airflow/dags/elt_dag.py
[2025-11-11T18:40:50.116+0000] {logging_mixin.py:190} INFO - [2025-11-11T18:40:50.116+0000] {dag.py:3239} INFO - Sync 1 DAGs
[2025-11-11T18:40:50.168+0000] {logging_mixin.py:190} INFO - [2025-11-11T18:40:50.167+0000] {dag.py:4180} INFO - Setting next_dagrun for elt_and_dbt to 2025-11-11 00:00:00+00:00, run_after=2025-11-12 00:00:00+00:00
[2025-11-11T18:40:50.199+0000] {processor.py:208} INFO - Processing /opt/airflow/dags/elt_dag.py took 0.204 seconds
[2025-11-11T18:41:20.288+0000] {processor.py:186} INFO - Started process (PID=77) to work on /opt/airflow/dags/elt_dag.py
[2025-11-11T18:41:20.289+0000] {processor.py:914} INFO - Processing file /opt/airflow/dags/elt_dag.py for tasks to queue
[2025-11-11T18:41:20.295+0000] {logging_mixin.py:190} INFO - [2025-11-11T18:41:20.294+0000] {dagbag.py:588} INFO - Filling up the DagBag from /opt/airflow/dags/elt_dag.py
[2025-11-11T18:41:20.325+0000] {processor.py:925} INFO - DAG(s) 'elt_and_dbt' retrieved from /opt/airflow/dags/elt_dag.py
[2025-11-11T18:41:20.378+0000] {logging_mixin.py:190} INFO - [2025-11-11T18:41:20.378+0000] {dag.py:3239} INFO - Sync 1 DAGs
[2025-11-11T18:41:20.419+0000] {logging_mixin.py:190} INFO - [2025-11-11T18:41:20.418+0000] {dag.py:4180} INFO - Setting next_dagrun for elt_and_dbt to 2025-11-11 00:00:00+00:00, run_after=2025-11-12 00:00:00+00:00
[2025-11-11T18:41:20.450+0000] {processor.py:208} INFO - Processing /opt/airflow/dags/elt_dag.py took 0.175 seconds
[2025-11-11T18:41:50.759+0000] {processor.py:186} INFO - Started process (PID=78) to work on /opt/airflow/dags/elt_dag.py
[2025-11-11T18:41:50.761+0000] {processor.py:914} INFO - Processing file /opt/airflow/dags/elt_dag.py for tasks to queue
[2025-11-11T18:41:50.766+0000] {logging_mixin.py:190} INFO - [2025-11-11T18:41:50.765+0000] {dagbag.py:588} INFO - Filling up the DagBag from /opt/airflow/dags/elt_dag.py
[2025-11-11T18:41:50.794+0000] {processor.py:925} INFO - DAG(s) 'elt_and_dbt' retrieved from /opt/airflow/dags/elt_dag.py
[2025-11-11T18:41:50.843+0000] {logging_mixin.py:190} INFO - [2025-11-11T18:41:50.843+0000] {dag.py:3239} INFO - Sync 1 DAGs
[2025-11-11T18:41:50.882+0000] {logging_mixin.py:190} INFO - [2025-11-11T18:41:50.881+0000] {dag.py:4180} INFO - Setting next_dagrun for elt_and_dbt to 2025-11-11 00:00:00+00:00, run_after=2025-11-12 00:00:00+00:00
[2025-11-11T18:41:50.910+0000] {processor.py:208} INFO - Processing /opt/airflow/dags/elt_dag.py took 0.161 seconds
[2025-11-11T18:42:21.077+0000] {processor.py:186} INFO - Started process (PID=79) to work on /opt/airflow/dags/elt_dag.py
[2025-11-11T18:42:21.079+0000] {processor.py:914} INFO - Processing file /opt/airflow/dags/elt_dag.py for tasks to queue
[2025-11-11T18:42:21.084+0000] {logging_mixin.py:190} INFO - [2025-11-11T18:42:21.083+0000] {dagbag.py:588} INFO - Filling up the DagBag from /opt/airflow/dags/elt_dag.py
[2025-11-11T18:42:21.119+0000] {processor.py:925} INFO - DAG(s) 'elt_and_dbt' retrieved from /opt/airflow/dags/elt_dag.py
[2025-11-11T18:42:21.201+0000] {logging_mixin.py:190} INFO - [2025-11-11T18:42:21.201+0000] {dag.py:3239} INFO - Sync 1 DAGs
[2025-11-11T18:42:21.247+0000] {logging_mixin.py:190} INFO - [2025-11-11T18:42:21.247+0000] {dag.py:4180} INFO - Setting next_dagrun for elt_and_dbt to 2025-11-11 00:00:00+00:00, run_after=2025-11-12 00:00:00+00:00
[2025-11-11T18:42:21.276+0000] {processor.py:208} INFO - Processing /opt/airflow/dags/elt_dag.py took 0.213 seconds
[2025-11-11T18:44:07.022+0000] {processor.py:186} INFO - Started process (PID=30) to work on /opt/airflow/dags/elt_dag.py
[2025-11-11T18:44:07.025+0000] {processor.py:914} INFO - Processing file /opt/airflow/dags/elt_dag.py for tasks to queue
[2025-11-11T18:44:07.029+0000] {logging_mixin.py:190} INFO - [2025-11-11T18:44:07.029+0000] {dagbag.py:588} INFO - Filling up the DagBag from /opt/airflow/dags/elt_dag.py
[2025-11-11T18:44:07.112+0000] {processor.py:925} INFO - DAG(s) 'elt_and_dbt' retrieved from /opt/airflow/dags/elt_dag.py
[2025-11-11T18:44:07.539+0000] {logging_mixin.py:190} INFO - [2025-11-11T18:44:07.538+0000] {override.py:1900} INFO - Created Permission View: can delete on DAG:elt_and_dbt
[2025-11-11T18:44:07.557+0000] {logging_mixin.py:190} INFO - [2025-11-11T18:44:07.557+0000] {override.py:1900} INFO - Created Permission View: can edit on DAG:elt_and_dbt
[2025-11-11T18:44:07.568+0000] {logging_mixin.py:190} INFO - [2025-11-11T18:44:07.567+0000] {override.py:1900} INFO - Created Permission View: can read on DAG:elt_and_dbt
[2025-11-11T18:44:07.579+0000] {logging_mixin.py:190} INFO - [2025-11-11T18:44:07.579+0000] {override.py:1900} INFO - Created Permission View: can create on DAG Run:elt_and_dbt
[2025-11-11T18:44:07.590+0000] {logging_mixin.py:190} INFO - [2025-11-11T18:44:07.590+0000] {override.py:1900} INFO - Created Permission View: menu access on DAG Run:elt_and_dbt
[2025-11-11T18:44:07.600+0000] {logging_mixin.py:190} INFO - [2025-11-11T18:44:07.599+0000] {override.py:1900} INFO - Created Permission View: can delete on DAG Run:elt_and_dbt
[2025-11-11T18:44:07.610+0000] {logging_mixin.py:190} INFO - [2025-11-11T18:44:07.609+0000] {override.py:1900} INFO - Created Permission View: can read on DAG Run:elt_and_dbt
[2025-11-11T18:44:07.611+0000] {logging_mixin.py:190} INFO - [2025-11-11T18:44:07.610+0000] {dag.py:3239} INFO - Sync 1 DAGs
[2025-11-11T18:44:07.898+0000] {logging_mixin.py:190} INFO - [2025-11-11T18:44:07.897+0000] {dag.py:3262} INFO - Creating ORM DAG for elt_and_dbt
[2025-11-11T18:44:07.912+0000] {logging_mixin.py:190} INFO - [2025-11-11T18:44:07.912+0000] {dag.py:4180} INFO - Setting next_dagrun for elt_and_dbt to 2025-11-11 00:00:00+00:00, run_after=2025-11-12 00:00:00+00:00
[2025-11-11T18:44:07.937+0000] {processor.py:208} INFO - Processing /opt/airflow/dags/elt_dag.py took 0.926 seconds
[2025-11-11T18:44:38.239+0000] {processor.py:186} INFO - Started process (PID=31) to work on /opt/airflow/dags/elt_dag.py
[2025-11-11T18:44:38.241+0000] {processor.py:914} INFO - Processing file /opt/airflow/dags/elt_dag.py for tasks to queue
[2025-11-11T18:44:38.245+0000] {logging_mixin.py:190} INFO - [2025-11-11T18:44:38.244+0000] {dagbag.py:588} INFO - Filling up the DagBag from /opt/airflow/dags/elt_dag.py
[2025-11-11T18:44:38.273+0000] {processor.py:925} INFO - DAG(s) 'elt_and_dbt' retrieved from /opt/airflow/dags/elt_dag.py
[2025-11-11T18:44:38.321+0000] {logging_mixin.py:190} INFO - [2025-11-11T18:44:38.320+0000] {dag.py:3239} INFO - Sync 1 DAGs
[2025-11-11T18:44:38.358+0000] {logging_mixin.py:190} INFO - [2025-11-11T18:44:38.357+0000] {dag.py:4180} INFO - Setting next_dagrun for elt_and_dbt to 2025-11-11 00:00:00+00:00, run_after=2025-11-12 00:00:00+00:00
[2025-11-11T18:44:38.385+0000] {processor.py:208} INFO - Processing /opt/airflow/dags/elt_dag.py took 0.154 seconds
[2025-11-11T18:45:08.529+0000] {processor.py:186} INFO - Started process (PID=48) to work on /opt/airflow/dags/elt_dag.py
[2025-11-11T18:45:08.531+0000] {processor.py:914} INFO - Processing file /opt/airflow/dags/elt_dag.py for tasks to queue
[2025-11-11T18:45:08.538+0000] {logging_mixin.py:190} INFO - [2025-11-11T18:45:08.537+0000] {dagbag.py:588} INFO - Filling up the DagBag from /opt/airflow/dags/elt_dag.py
[2025-11-11T18:45:08.576+0000] {processor.py:925} INFO - DAG(s) 'elt_and_dbt' retrieved from /opt/airflow/dags/elt_dag.py
[2025-11-11T18:45:08.632+0000] {logging_mixin.py:190} INFO - [2025-11-11T18:45:08.632+0000] {dag.py:3239} INFO - Sync 1 DAGs
[2025-11-11T18:45:08.739+0000] {logging_mixin.py:190} INFO - [2025-11-11T18:45:08.738+0000] {dag.py:4180} INFO - Setting next_dagrun for elt_and_dbt to 2025-11-11 00:00:00+00:00, run_after=2025-11-12 00:00:00+00:00
[2025-11-11T18:45:08.773+0000] {processor.py:208} INFO - Processing /opt/airflow/dags/elt_dag.py took 0.256 seconds
[2025-11-11T18:45:39.092+0000] {processor.py:186} INFO - Started process (PID=66) to work on /opt/airflow/dags/elt_dag.py
[2025-11-11T18:45:39.094+0000] {processor.py:914} INFO - Processing file /opt/airflow/dags/elt_dag.py for tasks to queue
[2025-11-11T18:45:39.099+0000] {logging_mixin.py:190} INFO - [2025-11-11T18:45:39.098+0000] {dagbag.py:588} INFO - Filling up the DagBag from /opt/airflow/dags/elt_dag.py
[2025-11-11T18:45:39.137+0000] {processor.py:925} INFO - DAG(s) 'elt_and_dbt' retrieved from /opt/airflow/dags/elt_dag.py
[2025-11-11T18:45:39.190+0000] {logging_mixin.py:190} INFO - [2025-11-11T18:45:39.189+0000] {dag.py:3239} INFO - Sync 1 DAGs
[2025-11-11T18:45:39.236+0000] {logging_mixin.py:190} INFO - [2025-11-11T18:45:39.236+0000] {dag.py:4180} INFO - Setting next_dagrun for elt_and_dbt to 2025-11-11 00:00:00+00:00, run_after=2025-11-12 00:00:00+00:00
[2025-11-11T18:45:39.273+0000] {processor.py:208} INFO - Processing /opt/airflow/dags/elt_dag.py took 0.192 seconds
[2025-11-11T18:46:09.359+0000] {processor.py:186} INFO - Started process (PID=67) to work on /opt/airflow/dags/elt_dag.py
[2025-11-11T18:46:09.361+0000] {processor.py:914} INFO - Processing file /opt/airflow/dags/elt_dag.py for tasks to queue
[2025-11-11T18:46:09.365+0000] {logging_mixin.py:190} INFO - [2025-11-11T18:46:09.364+0000] {dagbag.py:588} INFO - Filling up the DagBag from /opt/airflow/dags/elt_dag.py
[2025-11-11T18:46:09.394+0000] {processor.py:925} INFO - DAG(s) 'elt_and_dbt' retrieved from /opt/airflow/dags/elt_dag.py
[2025-11-11T18:46:09.444+0000] {logging_mixin.py:190} INFO - [2025-11-11T18:46:09.443+0000] {dag.py:3239} INFO - Sync 1 DAGs
[2025-11-11T18:46:09.484+0000] {logging_mixin.py:190} INFO - [2025-11-11T18:46:09.484+0000] {dag.py:4180} INFO - Setting next_dagrun for elt_and_dbt to 2025-11-11 00:00:00+00:00, run_after=2025-11-12 00:00:00+00:00
[2025-11-11T18:46:09.731+0000] {processor.py:208} INFO - Processing /opt/airflow/dags/elt_dag.py took 0.381 seconds
[2025-11-11T18:46:39.850+0000] {processor.py:186} INFO - Started process (PID=68) to work on /opt/airflow/dags/elt_dag.py
[2025-11-11T18:46:39.852+0000] {processor.py:914} INFO - Processing file /opt/airflow/dags/elt_dag.py for tasks to queue
[2025-11-11T18:46:39.856+0000] {logging_mixin.py:190} INFO - [2025-11-11T18:46:39.855+0000] {dagbag.py:588} INFO - Filling up the DagBag from /opt/airflow/dags/elt_dag.py
[2025-11-11T18:46:39.883+0000] {processor.py:925} INFO - DAG(s) 'elt_and_dbt' retrieved from /opt/airflow/dags/elt_dag.py
[2025-11-11T18:46:39.934+0000] {logging_mixin.py:190} INFO - [2025-11-11T18:46:39.933+0000] {dag.py:3239} INFO - Sync 1 DAGs
[2025-11-11T18:46:40.266+0000] {logging_mixin.py:190} INFO - [2025-11-11T18:46:40.266+0000] {dag.py:4180} INFO - Setting next_dagrun for elt_and_dbt to 2025-11-11 00:00:00+00:00, run_after=2025-11-12 00:00:00+00:00
[2025-11-11T18:46:40.300+0000] {processor.py:208} INFO - Processing /opt/airflow/dags/elt_dag.py took 0.460 seconds
[2025-11-11T18:47:10.576+0000] {processor.py:186} INFO - Started process (PID=69) to work on /opt/airflow/dags/elt_dag.py
[2025-11-11T18:47:10.578+0000] {processor.py:914} INFO - Processing file /opt/airflow/dags/elt_dag.py for tasks to queue
[2025-11-11T18:47:10.582+0000] {logging_mixin.py:190} INFO - [2025-11-11T18:47:10.582+0000] {dagbag.py:588} INFO - Filling up the DagBag from /opt/airflow/dags/elt_dag.py
[2025-11-11T18:47:10.613+0000] {processor.py:925} INFO - DAG(s) 'elt_and_dbt' retrieved from /opt/airflow/dags/elt_dag.py
[2025-11-11T18:47:10.687+0000] {logging_mixin.py:190} INFO - [2025-11-11T18:47:10.687+0000] {dag.py:3239} INFO - Sync 1 DAGs
[2025-11-11T18:47:10.893+0000] {logging_mixin.py:190} INFO - [2025-11-11T18:47:10.893+0000] {dag.py:4180} INFO - Setting next_dagrun for elt_and_dbt to 2025-11-11 00:00:00+00:00, run_after=2025-11-12 00:00:00+00:00
[2025-11-11T18:47:10.918+0000] {processor.py:208} INFO - Processing /opt/airflow/dags/elt_dag.py took 0.352 seconds
[2025-11-11T18:47:41.237+0000] {processor.py:186} INFO - Started process (PID=70) to work on /opt/airflow/dags/elt_dag.py
[2025-11-11T18:47:41.241+0000] {processor.py:914} INFO - Processing file /opt/airflow/dags/elt_dag.py for tasks to queue
[2025-11-11T18:47:41.246+0000] {logging_mixin.py:190} INFO - [2025-11-11T18:47:41.245+0000] {dagbag.py:588} INFO - Filling up the DagBag from /opt/airflow/dags/elt_dag.py
[2025-11-11T18:47:41.276+0000] {processor.py:925} INFO - DAG(s) 'elt_and_dbt' retrieved from /opt/airflow/dags/elt_dag.py
[2025-11-11T18:47:41.542+0000] {logging_mixin.py:190} INFO - [2025-11-11T18:47:41.542+0000] {dag.py:3239} INFO - Sync 1 DAGs
[2025-11-11T18:47:41.586+0000] {logging_mixin.py:190} INFO - [2025-11-11T18:47:41.586+0000] {dag.py:4180} INFO - Setting next_dagrun for elt_and_dbt to 2025-11-11 00:00:00+00:00, run_after=2025-11-12 00:00:00+00:00
[2025-11-11T18:47:41.620+0000] {processor.py:208} INFO - Processing /opt/airflow/dags/elt_dag.py took 0.401 seconds
[2025-11-11T18:48:11.984+0000] {processor.py:186} INFO - Started process (PID=71) to work on /opt/airflow/dags/elt_dag.py
[2025-11-11T18:48:11.990+0000] {processor.py:914} INFO - Processing file /opt/airflow/dags/elt_dag.py for tasks to queue
[2025-11-11T18:48:11.994+0000] {logging_mixin.py:190} INFO - [2025-11-11T18:48:11.993+0000] {dagbag.py:588} INFO - Filling up the DagBag from /opt/airflow/dags/elt_dag.py
[2025-11-11T18:48:12.205+0000] {processor.py:925} INFO - DAG(s) 'elt_and_dbt' retrieved from /opt/airflow/dags/elt_dag.py
[2025-11-11T18:48:12.274+0000] {logging_mixin.py:190} INFO - [2025-11-11T18:48:12.273+0000] {dag.py:3239} INFO - Sync 1 DAGs
[2025-11-11T18:48:12.311+0000] {logging_mixin.py:190} INFO - [2025-11-11T18:48:12.311+0000] {dag.py:4180} INFO - Setting next_dagrun for elt_and_dbt to 2025-11-11 00:00:00+00:00, run_after=2025-11-12 00:00:00+00:00
[2025-11-11T18:48:12.337+0000] {processor.py:208} INFO - Processing /opt/airflow/dags/elt_dag.py took 0.364 seconds
[2025-11-11T18:48:42.426+0000] {processor.py:186} INFO - Started process (PID=72) to work on /opt/airflow/dags/elt_dag.py
[2025-11-11T18:48:42.428+0000] {processor.py:914} INFO - Processing file /opt/airflow/dags/elt_dag.py for tasks to queue
[2025-11-11T18:48:42.432+0000] {logging_mixin.py:190} INFO - [2025-11-11T18:48:42.431+0000] {dagbag.py:588} INFO - Filling up the DagBag from /opt/airflow/dags/elt_dag.py
[2025-11-11T18:48:42.462+0000] {processor.py:925} INFO - DAG(s) 'elt_and_dbt' retrieved from /opt/airflow/dags/elt_dag.py
[2025-11-11T18:48:42.510+0000] {logging_mixin.py:190} INFO - [2025-11-11T18:48:42.510+0000] {dag.py:3239} INFO - Sync 1 DAGs
[2025-11-11T18:48:42.548+0000] {logging_mixin.py:190} INFO - [2025-11-11T18:48:42.548+0000] {dag.py:4180} INFO - Setting next_dagrun for elt_and_dbt to 2025-11-11 00:00:00+00:00, run_after=2025-11-12 00:00:00+00:00
[2025-11-11T18:48:42.577+0000] {processor.py:208} INFO - Processing /opt/airflow/dags/elt_dag.py took 0.161 seconds
[2025-11-11T18:49:12.753+0000] {processor.py:186} INFO - Started process (PID=73) to work on /opt/airflow/dags/elt_dag.py
[2025-11-11T18:49:12.756+0000] {processor.py:914} INFO - Processing file /opt/airflow/dags/elt_dag.py for tasks to queue
[2025-11-11T18:49:12.759+0000] {logging_mixin.py:190} INFO - [2025-11-11T18:49:12.759+0000] {dagbag.py:588} INFO - Filling up the DagBag from /opt/airflow/dags/elt_dag.py
[2025-11-11T18:49:12.786+0000] {processor.py:925} INFO - DAG(s) 'elt_and_dbt' retrieved from /opt/airflow/dags/elt_dag.py
[2025-11-11T18:49:12.835+0000] {logging_mixin.py:190} INFO - [2025-11-11T18:49:12.834+0000] {dag.py:3239} INFO - Sync 1 DAGs
[2025-11-11T18:49:12.880+0000] {logging_mixin.py:190} INFO - [2025-11-11T18:49:12.880+0000] {dag.py:4180} INFO - Setting next_dagrun for elt_and_dbt to 2025-11-11 00:00:00+00:00, run_after=2025-11-12 00:00:00+00:00
[2025-11-11T18:49:12.910+0000] {processor.py:208} INFO - Processing /opt/airflow/dags/elt_dag.py took 0.168 seconds
[2025-11-11T18:49:43.185+0000] {processor.py:186} INFO - Started process (PID=74) to work on /opt/airflow/dags/elt_dag.py
[2025-11-11T18:49:43.187+0000] {processor.py:914} INFO - Processing file /opt/airflow/dags/elt_dag.py for tasks to queue
[2025-11-11T18:49:43.191+0000] {logging_mixin.py:190} INFO - [2025-11-11T18:49:43.191+0000] {dagbag.py:588} INFO - Filling up the DagBag from /opt/airflow/dags/elt_dag.py
[2025-11-11T18:49:43.226+0000] {processor.py:925} INFO - DAG(s) 'elt_and_dbt' retrieved from /opt/airflow/dags/elt_dag.py
[2025-11-11T18:49:43.277+0000] {logging_mixin.py:190} INFO - [2025-11-11T18:49:43.276+0000] {dag.py:3239} INFO - Sync 1 DAGs
[2025-11-11T18:49:43.340+0000] {logging_mixin.py:190} INFO - [2025-11-11T18:49:43.339+0000] {dag.py:4180} INFO - Setting next_dagrun for elt_and_dbt to 2025-11-11 00:00:00+00:00, run_after=2025-11-12 00:00:00+00:00
[2025-11-11T18:49:43.381+0000] {processor.py:208} INFO - Processing /opt/airflow/dags/elt_dag.py took 0.205 seconds
[2025-11-11T18:50:13.514+0000] {processor.py:186} INFO - Started process (PID=75) to work on /opt/airflow/dags/elt_dag.py
[2025-11-11T18:50:13.516+0000] {processor.py:914} INFO - Processing file /opt/airflow/dags/elt_dag.py for tasks to queue
[2025-11-11T18:50:13.522+0000] {logging_mixin.py:190} INFO - [2025-11-11T18:50:13.521+0000] {dagbag.py:588} INFO - Filling up the DagBag from /opt/airflow/dags/elt_dag.py
[2025-11-11T18:50:13.564+0000] {processor.py:925} INFO - DAG(s) 'elt_and_dbt' retrieved from /opt/airflow/dags/elt_dag.py
[2025-11-11T18:50:13.630+0000] {logging_mixin.py:190} INFO - [2025-11-11T18:50:13.630+0000] {dag.py:3239} INFO - Sync 1 DAGs
[2025-11-11T18:50:13.696+0000] {logging_mixin.py:190} INFO - [2025-11-11T18:50:13.696+0000] {dag.py:4180} INFO - Setting next_dagrun for elt_and_dbt to 2025-11-11 00:00:00+00:00, run_after=2025-11-12 00:00:00+00:00
[2025-11-11T18:50:13.804+0000] {processor.py:208} INFO - Processing /opt/airflow/dags/elt_dag.py took 0.304 seconds
[2025-11-11T18:50:44.033+0000] {processor.py:186} INFO - Started process (PID=76) to work on /opt/airflow/dags/elt_dag.py
[2025-11-11T18:50:44.035+0000] {processor.py:914} INFO - Processing file /opt/airflow/dags/elt_dag.py for tasks to queue
[2025-11-11T18:50:44.039+0000] {logging_mixin.py:190} INFO - [2025-11-11T18:50:44.038+0000] {dagbag.py:588} INFO - Filling up the DagBag from /opt/airflow/dags/elt_dag.py
[2025-11-11T18:50:44.073+0000] {processor.py:925} INFO - DAG(s) 'elt_and_dbt' retrieved from /opt/airflow/dags/elt_dag.py
[2025-11-11T18:50:44.125+0000] {logging_mixin.py:190} INFO - [2025-11-11T18:50:44.125+0000] {dag.py:3239} INFO - Sync 1 DAGs
[2025-11-11T18:50:44.260+0000] {logging_mixin.py:190} INFO - [2025-11-11T18:50:44.259+0000] {dag.py:4180} INFO - Setting next_dagrun for elt_and_dbt to 2025-11-11 00:00:00+00:00, run_after=2025-11-12 00:00:00+00:00
[2025-11-11T18:50:44.300+0000] {processor.py:208} INFO - Processing /opt/airflow/dags/elt_dag.py took 0.277 seconds
[2025-11-11T18:51:14.458+0000] {processor.py:186} INFO - Started process (PID=77) to work on /opt/airflow/dags/elt_dag.py
[2025-11-11T18:51:14.459+0000] {processor.py:914} INFO - Processing file /opt/airflow/dags/elt_dag.py for tasks to queue
[2025-11-11T18:51:14.464+0000] {logging_mixin.py:190} INFO - [2025-11-11T18:51:14.464+0000] {dagbag.py:588} INFO - Filling up the DagBag from /opt/airflow/dags/elt_dag.py
[2025-11-11T18:51:14.494+0000] {processor.py:925} INFO - DAG(s) 'elt_and_dbt' retrieved from /opt/airflow/dags/elt_dag.py
[2025-11-11T18:51:14.546+0000] {logging_mixin.py:190} INFO - [2025-11-11T18:51:14.545+0000] {dag.py:3239} INFO - Sync 1 DAGs
[2025-11-11T18:51:14.586+0000] {logging_mixin.py:190} INFO - [2025-11-11T18:51:14.586+0000] {dag.py:4180} INFO - Setting next_dagrun for elt_and_dbt to 2025-11-11 00:00:00+00:00, run_after=2025-11-12 00:00:00+00:00
[2025-11-11T18:51:14.614+0000] {processor.py:208} INFO - Processing /opt/airflow/dags/elt_dag.py took 0.166 seconds
[2025-11-11T18:51:44.882+0000] {processor.py:186} INFO - Started process (PID=78) to work on /opt/airflow/dags/elt_dag.py
[2025-11-11T18:51:44.884+0000] {processor.py:914} INFO - Processing file /opt/airflow/dags/elt_dag.py for tasks to queue
[2025-11-11T18:51:44.889+0000] {logging_mixin.py:190} INFO - [2025-11-11T18:51:44.887+0000] {dagbag.py:588} INFO - Filling up the DagBag from /opt/airflow/dags/elt_dag.py
[2025-11-11T18:51:44.920+0000] {processor.py:925} INFO - DAG(s) 'elt_and_dbt' retrieved from /opt/airflow/dags/elt_dag.py
[2025-11-11T18:51:44.971+0000] {logging_mixin.py:190} INFO - [2025-11-11T18:51:44.971+0000] {dag.py:3239} INFO - Sync 1 DAGs
[2025-11-11T18:51:45.015+0000] {logging_mixin.py:190} INFO - [2025-11-11T18:51:45.015+0000] {dag.py:4180} INFO - Setting next_dagrun for elt_and_dbt to 2025-11-11 00:00:00+00:00, run_after=2025-11-12 00:00:00+00:00
[2025-11-11T18:51:45.051+0000] {processor.py:208} INFO - Processing /opt/airflow/dags/elt_dag.py took 0.179 seconds
[2025-11-11T18:52:15.248+0000] {processor.py:186} INFO - Started process (PID=79) to work on /opt/airflow/dags/elt_dag.py
[2025-11-11T18:52:15.251+0000] {processor.py:914} INFO - Processing file /opt/airflow/dags/elt_dag.py for tasks to queue
[2025-11-11T18:52:15.256+0000] {logging_mixin.py:190} INFO - [2025-11-11T18:52:15.256+0000] {dagbag.py:588} INFO - Filling up the DagBag from /opt/airflow/dags/elt_dag.py
[2025-11-11T18:52:15.289+0000] {processor.py:925} INFO - DAG(s) 'elt_and_dbt' retrieved from /opt/airflow/dags/elt_dag.py
[2025-11-11T18:52:15.343+0000] {logging_mixin.py:190} INFO - [2025-11-11T18:52:15.343+0000] {dag.py:3239} INFO - Sync 1 DAGs
[2025-11-11T18:52:15.388+0000] {logging_mixin.py:190} INFO - [2025-11-11T18:52:15.388+0000] {dag.py:4180} INFO - Setting next_dagrun for elt_and_dbt to 2025-11-11 00:00:00+00:00, run_after=2025-11-12 00:00:00+00:00
[2025-11-11T18:52:15.438+0000] {processor.py:208} INFO - Processing /opt/airflow/dags/elt_dag.py took 0.200 seconds
[2025-11-11T18:52:45.791+0000] {processor.py:186} INFO - Started process (PID=80) to work on /opt/airflow/dags/elt_dag.py
[2025-11-11T18:52:45.793+0000] {processor.py:914} INFO - Processing file /opt/airflow/dags/elt_dag.py for tasks to queue
[2025-11-11T18:52:45.798+0000] {logging_mixin.py:190} INFO - [2025-11-11T18:52:45.797+0000] {dagbag.py:588} INFO - Filling up the DagBag from /opt/airflow/dags/elt_dag.py
[2025-11-11T18:52:45.825+0000] {processor.py:925} INFO - DAG(s) 'elt_and_dbt' retrieved from /opt/airflow/dags/elt_dag.py
[2025-11-11T18:52:45.869+0000] {logging_mixin.py:190} INFO - [2025-11-11T18:52:45.869+0000] {dag.py:3239} INFO - Sync 1 DAGs
[2025-11-11T18:52:45.906+0000] {logging_mixin.py:190} INFO - [2025-11-11T18:52:45.905+0000] {dag.py:4180} INFO - Setting next_dagrun for elt_and_dbt to 2025-11-11 00:00:00+00:00, run_after=2025-11-12 00:00:00+00:00
[2025-11-11T18:52:45.934+0000] {processor.py:208} INFO - Processing /opt/airflow/dags/elt_dag.py took 0.156 seconds
[2025-11-11T18:53:16.062+0000] {processor.py:186} INFO - Started process (PID=81) to work on /opt/airflow/dags/elt_dag.py
[2025-11-11T18:53:16.065+0000] {processor.py:914} INFO - Processing file /opt/airflow/dags/elt_dag.py for tasks to queue
[2025-11-11T18:53:16.071+0000] {logging_mixin.py:190} INFO - [2025-11-11T18:53:16.071+0000] {dagbag.py:588} INFO - Filling up the DagBag from /opt/airflow/dags/elt_dag.py
[2025-11-11T18:53:16.101+0000] {processor.py:925} INFO - DAG(s) 'elt_and_dbt' retrieved from /opt/airflow/dags/elt_dag.py
[2025-11-11T18:53:16.173+0000] {logging_mixin.py:190} INFO - [2025-11-11T18:53:16.173+0000] {dag.py:3239} INFO - Sync 1 DAGs
[2025-11-11T18:53:16.248+0000] {logging_mixin.py:190} INFO - [2025-11-11T18:53:16.247+0000] {dag.py:4180} INFO - Setting next_dagrun for elt_and_dbt to 2025-11-11 00:00:00+00:00, run_after=2025-11-12 00:00:00+00:00
[2025-11-11T18:53:16.294+0000] {processor.py:208} INFO - Processing /opt/airflow/dags/elt_dag.py took 0.243 seconds
[2025-11-11T18:53:46.460+0000] {processor.py:186} INFO - Started process (PID=82) to work on /opt/airflow/dags/elt_dag.py
[2025-11-11T18:53:46.461+0000] {processor.py:914} INFO - Processing file /opt/airflow/dags/elt_dag.py for tasks to queue
[2025-11-11T18:53:46.465+0000] {logging_mixin.py:190} INFO - [2025-11-11T18:53:46.465+0000] {dagbag.py:588} INFO - Filling up the DagBag from /opt/airflow/dags/elt_dag.py
[2025-11-11T18:53:46.494+0000] {processor.py:925} INFO - DAG(s) 'elt_and_dbt' retrieved from /opt/airflow/dags/elt_dag.py
[2025-11-11T18:53:46.540+0000] {logging_mixin.py:190} INFO - [2025-11-11T18:53:46.539+0000] {dag.py:3239} INFO - Sync 1 DAGs
[2025-11-11T18:53:46.584+0000] {logging_mixin.py:190} INFO - [2025-11-11T18:53:46.584+0000] {dag.py:4180} INFO - Setting next_dagrun for elt_and_dbt to 2025-11-11 00:00:00+00:00, run_after=2025-11-12 00:00:00+00:00
[2025-11-11T18:53:46.610+0000] {processor.py:208} INFO - Processing /opt/airflow/dags/elt_dag.py took 0.162 seconds
[2025-11-11T18:54:16.803+0000] {processor.py:186} INFO - Started process (PID=83) to work on /opt/airflow/dags/elt_dag.py
[2025-11-11T18:54:16.808+0000] {processor.py:914} INFO - Processing file /opt/airflow/dags/elt_dag.py for tasks to queue
[2025-11-11T18:54:16.812+0000] {logging_mixin.py:190} INFO - [2025-11-11T18:54:16.812+0000] {dagbag.py:588} INFO - Filling up the DagBag from /opt/airflow/dags/elt_dag.py
[2025-11-11T18:54:16.840+0000] {processor.py:925} INFO - DAG(s) 'elt_and_dbt' retrieved from /opt/airflow/dags/elt_dag.py
[2025-11-11T18:54:16.887+0000] {logging_mixin.py:190} INFO - [2025-11-11T18:54:16.886+0000] {dag.py:3239} INFO - Sync 1 DAGs
[2025-11-11T18:54:16.924+0000] {logging_mixin.py:190} INFO - [2025-11-11T18:54:16.923+0000] {dag.py:4180} INFO - Setting next_dagrun for elt_and_dbt to 2025-11-11 00:00:00+00:00, run_after=2025-11-12 00:00:00+00:00
[2025-11-11T18:54:16.953+0000] {processor.py:208} INFO - Processing /opt/airflow/dags/elt_dag.py took 0.160 seconds
[2025-11-11T18:54:47.197+0000] {processor.py:186} INFO - Started process (PID=84) to work on /opt/airflow/dags/elt_dag.py
[2025-11-11T18:54:47.199+0000] {processor.py:914} INFO - Processing file /opt/airflow/dags/elt_dag.py for tasks to queue
[2025-11-11T18:54:47.204+0000] {logging_mixin.py:190} INFO - [2025-11-11T18:54:47.204+0000] {dagbag.py:588} INFO - Filling up the DagBag from /opt/airflow/dags/elt_dag.py
[2025-11-11T18:54:47.238+0000] {processor.py:925} INFO - DAG(s) 'elt_and_dbt' retrieved from /opt/airflow/dags/elt_dag.py
[2025-11-11T18:54:47.289+0000] {logging_mixin.py:190} INFO - [2025-11-11T18:54:47.289+0000] {dag.py:3239} INFO - Sync 1 DAGs
[2025-11-11T18:54:47.348+0000] {logging_mixin.py:190} INFO - [2025-11-11T18:54:47.347+0000] {dag.py:4180} INFO - Setting next_dagrun for elt_and_dbt to 2025-11-11 00:00:00+00:00, run_after=2025-11-12 00:00:00+00:00
[2025-11-11T18:54:47.378+0000] {processor.py:208} INFO - Processing /opt/airflow/dags/elt_dag.py took 0.191 seconds
[2025-11-11T18:55:17.502+0000] {processor.py:186} INFO - Started process (PID=85) to work on /opt/airflow/dags/elt_dag.py
[2025-11-11T18:55:17.504+0000] {processor.py:914} INFO - Processing file /opt/airflow/dags/elt_dag.py for tasks to queue
[2025-11-11T18:55:17.508+0000] {logging_mixin.py:190} INFO - [2025-11-11T18:55:17.508+0000] {dagbag.py:588} INFO - Filling up the DagBag from /opt/airflow/dags/elt_dag.py
[2025-11-11T18:55:17.540+0000] {processor.py:925} INFO - DAG(s) 'elt_and_dbt' retrieved from /opt/airflow/dags/elt_dag.py
[2025-11-11T18:55:17.595+0000] {logging_mixin.py:190} INFO - [2025-11-11T18:55:17.594+0000] {dag.py:3239} INFO - Sync 1 DAGs
[2025-11-11T18:55:17.681+0000] {logging_mixin.py:190} INFO - [2025-11-11T18:55:17.680+0000] {dag.py:4180} INFO - Setting next_dagrun for elt_and_dbt to 2025-11-11 00:00:00+00:00, run_after=2025-11-12 00:00:00+00:00
[2025-11-11T18:55:17.711+0000] {processor.py:208} INFO - Processing /opt/airflow/dags/elt_dag.py took 0.220 seconds
[2025-11-11T18:55:47.960+0000] {processor.py:186} INFO - Started process (PID=86) to work on /opt/airflow/dags/elt_dag.py
[2025-11-11T18:55:47.961+0000] {processor.py:914} INFO - Processing file /opt/airflow/dags/elt_dag.py for tasks to queue
[2025-11-11T18:55:47.966+0000] {logging_mixin.py:190} INFO - [2025-11-11T18:55:47.965+0000] {dagbag.py:588} INFO - Filling up the DagBag from /opt/airflow/dags/elt_dag.py
[2025-11-11T18:55:47.995+0000] {processor.py:925} INFO - DAG(s) 'elt_and_dbt' retrieved from /opt/airflow/dags/elt_dag.py
[2025-11-11T18:55:48.043+0000] {logging_mixin.py:190} INFO - [2025-11-11T18:55:48.043+0000] {dag.py:3239} INFO - Sync 1 DAGs
[2025-11-11T18:55:48.179+0000] {logging_mixin.py:190} INFO - [2025-11-11T18:55:48.178+0000] {dag.py:4180} INFO - Setting next_dagrun for elt_and_dbt to 2025-11-11 00:00:00+00:00, run_after=2025-11-12 00:00:00+00:00
[2025-11-11T18:55:48.213+0000] {processor.py:208} INFO - Processing /opt/airflow/dags/elt_dag.py took 0.263 seconds
[2025-11-11T18:56:18.493+0000] {processor.py:186} INFO - Started process (PID=87) to work on /opt/airflow/dags/elt_dag.py
[2025-11-11T18:56:18.495+0000] {processor.py:914} INFO - Processing file /opt/airflow/dags/elt_dag.py for tasks to queue
[2025-11-11T18:56:18.499+0000] {logging_mixin.py:190} INFO - [2025-11-11T18:56:18.498+0000] {dagbag.py:588} INFO - Filling up the DagBag from /opt/airflow/dags/elt_dag.py
[2025-11-11T18:56:18.527+0000] {processor.py:925} INFO - DAG(s) 'elt_and_dbt' retrieved from /opt/airflow/dags/elt_dag.py
[2025-11-11T18:56:18.574+0000] {logging_mixin.py:190} INFO - [2025-11-11T18:56:18.574+0000] {dag.py:3239} INFO - Sync 1 DAGs
[2025-11-11T18:56:18.617+0000] {logging_mixin.py:190} INFO - [2025-11-11T18:56:18.617+0000] {dag.py:4180} INFO - Setting next_dagrun for elt_and_dbt to 2025-11-11 00:00:00+00:00, run_after=2025-11-12 00:00:00+00:00
[2025-11-11T18:56:18.643+0000] {processor.py:208} INFO - Processing /opt/airflow/dags/elt_dag.py took 0.160 seconds
[2025-11-11T18:56:48.831+0000] {processor.py:186} INFO - Started process (PID=88) to work on /opt/airflow/dags/elt_dag.py
[2025-11-11T18:56:48.832+0000] {processor.py:914} INFO - Processing file /opt/airflow/dags/elt_dag.py for tasks to queue
[2025-11-11T18:56:48.837+0000] {logging_mixin.py:190} INFO - [2025-11-11T18:56:48.836+0000] {dagbag.py:588} INFO - Filling up the DagBag from /opt/airflow/dags/elt_dag.py
[2025-11-11T18:56:48.864+0000] {processor.py:925} INFO - DAG(s) 'elt_and_dbt' retrieved from /opt/airflow/dags/elt_dag.py
[2025-11-11T18:56:48.917+0000] {logging_mixin.py:190} INFO - [2025-11-11T18:56:48.917+0000] {dag.py:3239} INFO - Sync 1 DAGs
[2025-11-11T18:56:48.961+0000] {logging_mixin.py:190} INFO - [2025-11-11T18:56:48.961+0000] {dag.py:4180} INFO - Setting next_dagrun for elt_and_dbt to 2025-11-11 00:00:00+00:00, run_after=2025-11-12 00:00:00+00:00
[2025-11-11T18:56:48.990+0000] {processor.py:208} INFO - Processing /opt/airflow/dags/elt_dag.py took 0.169 seconds
[2025-11-11T18:56:50.932+0000] {processor.py:186} INFO - Started process (PID=89) to work on /opt/airflow/dags/elt_dag.py
[2025-11-11T18:56:50.939+0000] {processor.py:914} INFO - Processing file /opt/airflow/dags/elt_dag.py for tasks to queue
[2025-11-11T18:56:50.943+0000] {logging_mixin.py:190} INFO - [2025-11-11T18:56:50.942+0000] {dagbag.py:588} INFO - Filling up the DagBag from /opt/airflow/dags/elt_dag.py
[2025-11-11T18:56:50.999+0000] {processor.py:925} INFO - DAG(s) 'elt_and_dbt' retrieved from /opt/airflow/dags/elt_dag.py
[2025-11-11T18:56:51.057+0000] {logging_mixin.py:190} INFO - [2025-11-11T18:56:51.056+0000] {dag.py:3239} INFO - Sync 1 DAGs
[2025-11-11T18:56:51.117+0000] {logging_mixin.py:190} INFO - [2025-11-11T18:56:51.117+0000] {dag.py:4180} INFO - Setting next_dagrun for elt_and_dbt to 2025-11-11 00:00:00+00:00, run_after=2025-11-12 00:00:00+00:00
[2025-11-11T18:56:51.154+0000] {processor.py:208} INFO - Processing /opt/airflow/dags/elt_dag.py took 0.233 seconds
[2025-11-11T18:58:29.791+0000] {processor.py:186} INFO - Started process (PID=30) to work on /opt/airflow/dags/elt_dag.py
[2025-11-11T18:58:29.795+0000] {processor.py:914} INFO - Processing file /opt/airflow/dags/elt_dag.py for tasks to queue
[2025-11-11T18:58:29.799+0000] {logging_mixin.py:190} INFO - [2025-11-11T18:58:29.798+0000] {dagbag.py:588} INFO - Filling up the DagBag from /opt/airflow/dags/elt_dag.py
[2025-11-11T18:58:29.881+0000] {processor.py:925} INFO - DAG(s) 'elt_and_dbt' retrieved from /opt/airflow/dags/elt_dag.py
[2025-11-11T18:58:30.316+0000] {logging_mixin.py:190} INFO - [2025-11-11T18:58:30.315+0000] {override.py:1900} INFO - Created Permission View: can delete on DAG:elt_and_dbt
[2025-11-11T18:58:30.334+0000] {logging_mixin.py:190} INFO - [2025-11-11T18:58:30.333+0000] {override.py:1900} INFO - Created Permission View: can read on DAG:elt_and_dbt
[2025-11-11T18:58:30.344+0000] {logging_mixin.py:190} INFO - [2025-11-11T18:58:30.343+0000] {override.py:1900} INFO - Created Permission View: can edit on DAG:elt_and_dbt
[2025-11-11T18:58:30.354+0000] {logging_mixin.py:190} INFO - [2025-11-11T18:58:30.354+0000] {override.py:1900} INFO - Created Permission View: can delete on DAG Run:elt_and_dbt
[2025-11-11T18:58:30.364+0000] {logging_mixin.py:190} INFO - [2025-11-11T18:58:30.364+0000] {override.py:1900} INFO - Created Permission View: can read on DAG Run:elt_and_dbt
[2025-11-11T18:58:30.375+0000] {logging_mixin.py:190} INFO - [2025-11-11T18:58:30.374+0000] {override.py:1900} INFO - Created Permission View: menu access on DAG Run:elt_and_dbt
[2025-11-11T18:58:30.386+0000] {logging_mixin.py:190} INFO - [2025-11-11T18:58:30.386+0000] {override.py:1900} INFO - Created Permission View: can create on DAG Run:elt_and_dbt
[2025-11-11T18:58:30.387+0000] {logging_mixin.py:190} INFO - [2025-11-11T18:58:30.387+0000] {dag.py:3239} INFO - Sync 1 DAGs
[2025-11-11T18:58:30.643+0000] {logging_mixin.py:190} INFO - [2025-11-11T18:58:30.643+0000] {dag.py:3262} INFO - Creating ORM DAG for elt_and_dbt
[2025-11-11T18:58:30.660+0000] {logging_mixin.py:190} INFO - [2025-11-11T18:58:30.660+0000] {dag.py:4180} INFO - Setting next_dagrun for elt_and_dbt to 2025-11-11 00:00:00+00:00, run_after=2025-11-12 00:00:00+00:00
[2025-11-11T18:58:30.686+0000] {processor.py:208} INFO - Processing /opt/airflow/dags/elt_dag.py took 0.906 seconds
[2025-11-11T18:59:01.205+0000] {processor.py:186} INFO - Started process (PID=31) to work on /opt/airflow/dags/elt_dag.py
[2025-11-11T18:59:01.209+0000] {processor.py:914} INFO - Processing file /opt/airflow/dags/elt_dag.py for tasks to queue
[2025-11-11T18:59:01.218+0000] {logging_mixin.py:190} INFO - [2025-11-11T18:59:01.217+0000] {dagbag.py:588} INFO - Filling up the DagBag from /opt/airflow/dags/elt_dag.py
[2025-11-11T18:59:01.263+0000] {processor.py:925} INFO - DAG(s) 'elt_and_dbt' retrieved from /opt/airflow/dags/elt_dag.py
[2025-11-11T18:59:01.336+0000] {logging_mixin.py:190} INFO - [2025-11-11T18:59:01.336+0000] {dag.py:3239} INFO - Sync 1 DAGs
[2025-11-11T18:59:01.405+0000] {logging_mixin.py:190} INFO - [2025-11-11T18:59:01.405+0000] {dag.py:4180} INFO - Setting next_dagrun for elt_and_dbt to 2025-11-11 00:00:00+00:00, run_after=2025-11-12 00:00:00+00:00
[2025-11-11T18:59:01.445+0000] {processor.py:208} INFO - Processing /opt/airflow/dags/elt_dag.py took 0.253 seconds
[2025-11-11T18:59:31.756+0000] {processor.py:186} INFO - Started process (PID=52) to work on /opt/airflow/dags/elt_dag.py
[2025-11-11T18:59:31.758+0000] {processor.py:914} INFO - Processing file /opt/airflow/dags/elt_dag.py for tasks to queue
[2025-11-11T18:59:31.764+0000] {logging_mixin.py:190} INFO - [2025-11-11T18:59:31.763+0000] {dagbag.py:588} INFO - Filling up the DagBag from /opt/airflow/dags/elt_dag.py
[2025-11-11T18:59:31.813+0000] {processor.py:925} INFO - DAG(s) 'elt_and_dbt' retrieved from /opt/airflow/dags/elt_dag.py
[2025-11-11T18:59:31.890+0000] {logging_mixin.py:190} INFO - [2025-11-11T18:59:31.890+0000] {dag.py:3239} INFO - Sync 1 DAGs
[2025-11-11T18:59:31.947+0000] {logging_mixin.py:190} INFO - [2025-11-11T18:59:31.946+0000] {dag.py:4180} INFO - Setting next_dagrun for elt_and_dbt to 2025-11-11 00:00:00+00:00, run_after=2025-11-12 00:00:00+00:00
[2025-11-11T18:59:31.981+0000] {processor.py:208} INFO - Processing /opt/airflow/dags/elt_dag.py took 0.238 seconds
[2025-11-11T19:00:02.017+0000] {processor.py:186} INFO - Started process (PID=66) to work on /opt/airflow/dags/elt_dag.py
[2025-11-11T19:00:02.019+0000] {processor.py:914} INFO - Processing file /opt/airflow/dags/elt_dag.py for tasks to queue
[2025-11-11T19:00:02.023+0000] {logging_mixin.py:190} INFO - [2025-11-11T19:00:02.022+0000] {dagbag.py:588} INFO - Filling up the DagBag from /opt/airflow/dags/elt_dag.py
[2025-11-11T19:00:02.050+0000] {processor.py:925} INFO - DAG(s) 'elt_and_dbt' retrieved from /opt/airflow/dags/elt_dag.py
[2025-11-11T19:00:02.097+0000] {logging_mixin.py:190} INFO - [2025-11-11T19:00:02.097+0000] {dag.py:3239} INFO - Sync 1 DAGs
[2025-11-11T19:00:02.133+0000] {logging_mixin.py:190} INFO - [2025-11-11T19:00:02.133+0000] {dag.py:4180} INFO - Setting next_dagrun for elt_and_dbt to 2025-11-11 00:00:00+00:00, run_after=2025-11-12 00:00:00+00:00
[2025-11-11T19:00:02.163+0000] {processor.py:208} INFO - Processing /opt/airflow/dags/elt_dag.py took 0.155 seconds
