[2025-11-11T18:19:50.285+0000] {manager.py:483} INFO - Processing files using up to 2 processes at a time 
[2025-11-11T18:19:50.287+0000] {manager.py:484} INFO - Process each file at most once every 30 seconds
[2025-11-11T18:19:50.287+0000] {manager.py:485} INFO - Checking for new files in /opt/airflow/dags every 300 seconds
[2025-11-11T18:19:50.289+0000] {manager.py:821} INFO - Searching for files in /opt/airflow/dags
[2025-11-11T18:19:50.302+0000] {manager.py:824} INFO - There are 1 files in /opt/airflow/dags
[2025-11-11T18:19:51.054+0000] {manager.py:997} INFO - 
================================================================================
DAG File Processing Stats

File Path                       PID  Runtime      # DAGs    # Errors  Last Runtime    Last Run      Last # of DB Queries
----------------------------  -----  ---------  --------  ----------  --------------  ----------  ----------------------
/opt/airflow/dags/elt_dag.py     30  0.05s             0           0                                                   0
================================================================================
[2025-11-11T18:20:21.312+0000] {manager.py:997} INFO - 
================================================================================
DAG File Processing Stats

File Path                     PID    Runtime      # DAGs    # Errors  Last Runtime    Last Run               Last # of DB Queries
----------------------------  -----  ---------  --------  ----------  --------------  -------------------  ----------------------
/opt/airflow/dags/elt_dag.py                           1           0  0.37s           2025-11-11T18:19:51                      12
================================================================================
[2025-11-11T18:20:51.927+0000] {manager.py:997} INFO - 
================================================================================
DAG File Processing Stats

File Path                     PID    Runtime      # DAGs    # Errors  Last Runtime    Last Run               Last # of DB Queries
----------------------------  -----  ---------  --------  ----------  --------------  -------------------  ----------------------
/opt/airflow/dags/elt_dag.py                           1           0  0.31s           2025-11-11T18:20:21                      12
================================================================================
[2025-11-11T18:21:22.529+0000] {manager.py:997} INFO - 
================================================================================
DAG File Processing Stats

File Path                       PID  Runtime      # DAGs    # Errors  Last Runtime    Last Run               Last # of DB Queries
----------------------------  -----  ---------  --------  ----------  --------------  -------------------  ----------------------
/opt/airflow/dags/elt_dag.py     48  0.00s             1           0  0.20s           2025-11-11T18:20:52                      12
================================================================================
[2025-11-11T18:21:52.802+0000] {manager.py:997} INFO - 
================================================================================
DAG File Processing Stats

File Path                       PID  Runtime      # DAGs    # Errors  Last Runtime    Last Run               Last # of DB Queries
----------------------------  -----  ---------  --------  ----------  --------------  -------------------  ----------------------
/opt/airflow/dags/elt_dag.py     49  0.00s             1           0  0.20s           2025-11-11T18:21:22                      12
================================================================================
[2025-11-11T18:22:23.270+0000] {manager.py:997} INFO - 
================================================================================
DAG File Processing Stats

File Path                       PID  Runtime      # DAGs    # Errors  Last Runtime    Last Run               Last # of DB Queries
----------------------------  -----  ---------  --------  ----------  --------------  -------------------  ----------------------
/opt/airflow/dags/elt_dag.py     50  0.00s             1           0  0.35s           2025-11-11T18:21:53                      12
================================================================================
[2025-11-11T18:22:53.983+0000] {manager.py:997} INFO - 
================================================================================
DAG File Processing Stats

File Path                       PID  Runtime      # DAGs    # Errors  Last Runtime    Last Run               Last # of DB Queries
----------------------------  -----  ---------  --------  ----------  --------------  -------------------  ----------------------
/opt/airflow/dags/elt_dag.py     51  0.05s             1           0  0.37s           2025-11-11T18:22:23                      12
================================================================================
[2025-11-11T18:23:24.072+0000] {manager.py:997} INFO - 
================================================================================
DAG File Processing Stats

File Path                     PID    Runtime      # DAGs    # Errors  Last Runtime    Last Run               Last # of DB Queries
----------------------------  -----  ---------  --------  ----------  --------------  -------------------  ----------------------
/opt/airflow/dags/elt_dag.py                           1           0  0.94s           2025-11-11T18:22:54                      12
================================================================================
[2025-11-11T18:23:54.356+0000] {manager.py:997} INFO - 
================================================================================
DAG File Processing Stats

File Path                     PID    Runtime      # DAGs    # Errors  Last Runtime    Last Run               Last # of DB Queries
----------------------------  -----  ---------  --------  ----------  --------------  -------------------  ----------------------
/opt/airflow/dags/elt_dag.py                           1           0  0.37s           2025-11-11T18:23:25                      12
================================================================================
[2025-11-11T18:24:24.606+0000] {manager.py:997} INFO - 
================================================================================
DAG File Processing Stats

File Path                     PID    Runtime      # DAGs    # Errors  Last Runtime    Last Run               Last # of DB Queries
----------------------------  -----  ---------  --------  ----------  --------------  -------------------  ----------------------
/opt/airflow/dags/elt_dag.py                           1           0  0.63s           2025-11-11T18:23:56                      12
================================================================================
[2025-11-11T18:24:50.872+0000] {manager.py:821} INFO - Searching for files in /opt/airflow/dags
[2025-11-11T18:24:50.883+0000] {manager.py:824} INFO - There are 1 files in /opt/airflow/dags
[2025-11-11T18:24:54.931+0000] {manager.py:997} INFO - 
================================================================================
DAG File Processing Stats

File Path                     PID    Runtime      # DAGs    # Errors  Last Runtime    Last Run               Last # of DB Queries
----------------------------  -----  ---------  --------  ----------  --------------  -------------------  ----------------------
/opt/airflow/dags/elt_dag.py                           1           0  0.18s           2025-11-11T18:24:26                      12
================================================================================
[2025-11-11T18:25:25.334+0000] {manager.py:997} INFO - 
================================================================================
DAG File Processing Stats

File Path                     PID    Runtime      # DAGs    # Errors  Last Runtime    Last Run               Last # of DB Queries
----------------------------  -----  ---------  --------  ----------  --------------  -------------------  ----------------------
/opt/airflow/dags/elt_dag.py                           1           0  0.20s           2025-11-11T18:24:57                      12
================================================================================
[2025-11-11T18:25:55.691+0000] {manager.py:997} INFO - 
================================================================================
DAG File Processing Stats

File Path                     PID    Runtime      # DAGs    # Errors  Last Runtime    Last Run               Last # of DB Queries
----------------------------  -----  ---------  --------  ----------  --------------  -------------------  ----------------------
/opt/airflow/dags/elt_dag.py                           1           0  0.19s           2025-11-11T18:25:27                      12
================================================================================
[2025-11-11T18:26:26.078+0000] {manager.py:997} INFO - 
================================================================================
DAG File Processing Stats

File Path                     PID    Runtime      # DAGs    # Errors  Last Runtime    Last Run               Last # of DB Queries
----------------------------  -----  ---------  --------  ----------  --------------  -------------------  ----------------------
/opt/airflow/dags/elt_dag.py                           1           0  0.22s           2025-11-11T18:25:57                      12
================================================================================
[2025-11-11T18:26:56.538+0000] {manager.py:997} INFO - 
================================================================================
DAG File Processing Stats

File Path                     PID    Runtime      # DAGs    # Errors  Last Runtime    Last Run               Last # of DB Queries
----------------------------  -----  ---------  --------  ----------  --------------  -------------------  ----------------------
/opt/airflow/dags/elt_dag.py                           1           0  0.21s           2025-11-11T18:26:28                      12
================================================================================
[2025-11-11T18:27:26.886+0000] {manager.py:997} INFO - 
================================================================================
DAG File Processing Stats

File Path                     PID    Runtime      # DAGs    # Errors  Last Runtime    Last Run               Last # of DB Queries
----------------------------  -----  ---------  --------  ----------  --------------  -------------------  ----------------------
/opt/airflow/dags/elt_dag.py                           1           0  0.27s           2025-11-11T18:26:58                      12
================================================================================
[2025-11-11T18:27:57.162+0000] {manager.py:997} INFO - 
================================================================================
DAG File Processing Stats

File Path                     PID    Runtime      # DAGs    # Errors  Last Runtime    Last Run               Last # of DB Queries
----------------------------  -----  ---------  --------  ----------  --------------  -------------------  ----------------------
/opt/airflow/dags/elt_dag.py                           1           0  0.18s           2025-11-11T18:27:29                      12
================================================================================
[2025-11-11T18:28:26.066+0000] {manager.py:465} INFO - Exiting gracefully upon receiving signal 15
[2025-11-11T18:29:18.929+0000] {manager.py:483} INFO - Processing files using up to 2 processes at a time 
[2025-11-11T18:29:18.932+0000] {manager.py:484} INFO - Process each file at most once every 30 seconds
[2025-11-11T18:29:18.933+0000] {manager.py:485} INFO - Checking for new files in /opt/airflow/dags every 300 seconds
[2025-11-11T18:29:18.934+0000] {manager.py:821} INFO - Searching for files in /opt/airflow/dags
[2025-11-11T18:29:18.951+0000] {manager.py:824} INFO - There are 1 files in /opt/airflow/dags
[2025-11-11T18:29:19.669+0000] {manager.py:997} INFO - 
================================================================================
DAG File Processing Stats

File Path                       PID  Runtime      # DAGs    # Errors  Last Runtime    Last Run      Last # of DB Queries
----------------------------  -----  ---------  --------  ----------  --------------  ----------  ----------------------
/opt/airflow/dags/elt_dag.py     30  0.03s             0           0                                                   0
================================================================================
[2025-11-11T18:29:30.019+0000] {manager.py:465} INFO - Exiting gracefully upon receiving signal 15
[2025-11-11T18:30:39.237+0000] {manager.py:483} INFO - Processing files using up to 2 processes at a time 
[2025-11-11T18:30:39.238+0000] {manager.py:484} INFO - Process each file at most once every 30 seconds
[2025-11-11T18:30:39.239+0000] {manager.py:485} INFO - Checking for new files in /opt/airflow/dags every 300 seconds
[2025-11-11T18:30:39.240+0000] {manager.py:821} INFO - Searching for files in /opt/airflow/dags
[2025-11-11T18:30:39.249+0000] {manager.py:824} INFO - There are 1 files in /opt/airflow/dags
[2025-11-11T18:30:39.807+0000] {manager.py:997} INFO - 
================================================================================
DAG File Processing Stats

File Path                       PID  Runtime      # DAGs    # Errors  Last Runtime    Last Run      Last # of DB Queries
----------------------------  -----  ---------  --------  ----------  --------------  ----------  ----------------------
/opt/airflow/dags/elt_dag.py     30  0.03s             0           0                                                   0
================================================================================
[2025-11-11T18:31:09.936+0000] {manager.py:997} INFO - 
================================================================================
DAG File Processing Stats

File Path                     PID    Runtime      # DAGs    # Errors  Last Runtime    Last Run               Last # of DB Queries
----------------------------  -----  ---------  --------  ----------  --------------  -------------------  ----------------------
/opt/airflow/dags/elt_dag.py                           1           0  0.91s           2025-11-11T18:30:40                      45
================================================================================
[2025-11-11T18:31:40.285+0000] {manager.py:997} INFO - 
================================================================================
DAG File Processing Stats

File Path                     PID    Runtime      # DAGs    # Errors  Last Runtime    Last Run               Last # of DB Queries
----------------------------  -----  ---------  --------  ----------  --------------  -------------------  ----------------------
/opt/airflow/dags/elt_dag.py                           1           0  0.18s           2025-11-11T18:31:11                      12
================================================================================
[2025-11-11T18:32:10.709+0000] {manager.py:997} INFO - 
================================================================================
DAG File Processing Stats

File Path                     PID    Runtime      # DAGs    # Errors  Last Runtime    Last Run               Last # of DB Queries
----------------------------  -----  ---------  --------  ----------  --------------  -------------------  ----------------------
/opt/airflow/dags/elt_dag.py                           1           0  0.18s           2025-11-11T18:31:41                      12
================================================================================
[2025-11-11T18:32:41.129+0000] {manager.py:997} INFO - 
================================================================================
DAG File Processing Stats

File Path                     PID    Runtime      # DAGs    # Errors  Last Runtime    Last Run               Last # of DB Queries
----------------------------  -----  ---------  --------  ----------  --------------  -------------------  ----------------------
/opt/airflow/dags/elt_dag.py                           1           0  0.24s           2025-11-11T18:32:11                      12
================================================================================
[2025-11-11T18:33:11.342+0000] {manager.py:997} INFO - 
================================================================================
DAG File Processing Stats

File Path                     PID    Runtime      # DAGs    # Errors  Last Runtime    Last Run               Last # of DB Queries
----------------------------  -----  ---------  --------  ----------  --------------  -------------------  ----------------------
/opt/airflow/dags/elt_dag.py                           1           0  0.96s           2025-11-11T18:32:43                      12
================================================================================
[2025-11-11T18:33:41.694+0000] {manager.py:997} INFO - 
================================================================================
DAG File Processing Stats

File Path                     PID    Runtime      # DAGs    # Errors  Last Runtime    Last Run               Last # of DB Queries
----------------------------  -----  ---------  --------  ----------  --------------  -------------------  ----------------------
/opt/airflow/dags/elt_dag.py                           1           0  0.38s           2025-11-11T18:33:13                      12
================================================================================
[2025-11-11T18:34:12.232+0000] {manager.py:997} INFO - 
================================================================================
DAG File Processing Stats

File Path                     PID    Runtime      # DAGs    # Errors  Last Runtime    Last Run               Last # of DB Queries
----------------------------  -----  ---------  --------  ----------  --------------  -------------------  ----------------------
/opt/airflow/dags/elt_dag.py                           1           0  0.40s           2025-11-11T18:33:44                      12
================================================================================
[2025-11-11T18:34:42.903+0000] {manager.py:997} INFO - 
================================================================================
DAG File Processing Stats

File Path                     PID    Runtime      # DAGs    # Errors  Last Runtime    Last Run               Last # of DB Queries
----------------------------  -----  ---------  --------  ----------  --------------  -------------------  ----------------------
/opt/airflow/dags/elt_dag.py                           1           0  0.35s           2025-11-11T18:34:15                      12
================================================================================
[2025-11-11T18:35:13.306+0000] {manager.py:997} INFO - 
================================================================================
DAG File Processing Stats

File Path                     PID    Runtime      # DAGs    # Errors  Last Runtime    Last Run               Last # of DB Queries
----------------------------  -----  ---------  --------  ----------  --------------  -------------------  ----------------------
/opt/airflow/dags/elt_dag.py                           1           0  0.33s           2025-11-11T18:34:45                      12
================================================================================
[2025-11-11T18:35:40.040+0000] {manager.py:821} INFO - Searching for files in /opt/airflow/dags
[2025-11-11T18:35:40.051+0000] {manager.py:824} INFO - There are 1 files in /opt/airflow/dags
[2025-11-11T18:35:44.109+0000] {manager.py:997} INFO - 
================================================================================
DAG File Processing Stats

File Path                     PID    Runtime      # DAGs    # Errors  Last Runtime    Last Run               Last # of DB Queries
----------------------------  -----  ---------  --------  ----------  --------------  -------------------  ----------------------
/opt/airflow/dags/elt_dag.py                           1           0  0.19s           2025-11-11T18:35:16                      12
================================================================================
[2025-11-11T18:36:14.526+0000] {manager.py:997} INFO - 
================================================================================
DAG File Processing Stats

File Path                     PID    Runtime      # DAGs    # Errors  Last Runtime    Last Run               Last # of DB Queries
----------------------------  -----  ---------  --------  ----------  --------------  -------------------  ----------------------
/opt/airflow/dags/elt_dag.py                           1           0  0.29s           2025-11-11T18:35:46                      12
================================================================================
[2025-11-11T18:36:44.956+0000] {manager.py:997} INFO - 
================================================================================
DAG File Processing Stats

File Path                     PID    Runtime      # DAGs    # Errors  Last Runtime    Last Run               Last # of DB Queries
----------------------------  -----  ---------  --------  ----------  --------------  -------------------  ----------------------
/opt/airflow/dags/elt_dag.py                           1           0  0.23s           2025-11-11T18:36:16                      12
================================================================================
[2025-11-11T18:37:15.247+0000] {manager.py:997} INFO - 
================================================================================
DAG File Processing Stats

File Path                     PID    Runtime      # DAGs    # Errors  Last Runtime    Last Run               Last # of DB Queries
----------------------------  -----  ---------  --------  ----------  --------------  -------------------  ----------------------
/opt/airflow/dags/elt_dag.py                           1           0  0.21s           2025-11-11T18:36:47                      12
================================================================================
[2025-11-11T18:37:45.724+0000] {manager.py:997} INFO - 
================================================================================
DAG File Processing Stats

File Path                     PID    Runtime      # DAGs    # Errors  Last Runtime    Last Run               Last # of DB Queries
----------------------------  -----  ---------  --------  ----------  --------------  -------------------  ----------------------
/opt/airflow/dags/elt_dag.py                           1           0  0.20s           2025-11-11T18:37:17                      12
================================================================================
[2025-11-11T18:38:16.028+0000] {manager.py:997} INFO - 
================================================================================
DAG File Processing Stats

File Path                     PID    Runtime      # DAGs    # Errors  Last Runtime    Last Run               Last # of DB Queries
----------------------------  -----  ---------  --------  ----------  --------------  -------------------  ----------------------
/opt/airflow/dags/elt_dag.py                           1           0  0.18s           2025-11-11T18:37:47                      12
================================================================================
[2025-11-11T18:38:46.402+0000] {manager.py:997} INFO - 
================================================================================
DAG File Processing Stats

File Path                     PID    Runtime      # DAGs    # Errors  Last Runtime    Last Run               Last # of DB Queries
----------------------------  -----  ---------  --------  ----------  --------------  -------------------  ----------------------
/opt/airflow/dags/elt_dag.py                           1           0  0.18s           2025-11-11T18:38:18                      12
================================================================================
[2025-11-11T18:39:16.694+0000] {manager.py:997} INFO - 
================================================================================
DAG File Processing Stats

File Path                     PID    Runtime      # DAGs    # Errors  Last Runtime    Last Run               Last # of DB Queries
----------------------------  -----  ---------  --------  ----------  --------------  -------------------  ----------------------
/opt/airflow/dags/elt_dag.py                           1           0  0.19s           2025-11-11T18:38:48                      12
================================================================================
[2025-11-11T18:39:47.144+0000] {manager.py:997} INFO - 
================================================================================
DAG File Processing Stats

File Path                     PID    Runtime      # DAGs    # Errors  Last Runtime    Last Run               Last # of DB Queries
----------------------------  -----  ---------  --------  ----------  --------------  -------------------  ----------------------
/opt/airflow/dags/elt_dag.py                           1           0  0.23s           2025-11-11T18:39:18                      12
================================================================================
[2025-11-11T18:40:17.499+0000] {manager.py:997} INFO - 
================================================================================
DAG File Processing Stats

File Path                     PID    Runtime      # DAGs    # Errors  Last Runtime    Last Run               Last # of DB Queries
----------------------------  -----  ---------  --------  ----------  --------------  -------------------  ----------------------
/opt/airflow/dags/elt_dag.py                           1           0  0.19s           2025-11-11T18:39:49                      12
================================================================================
[2025-11-11T18:40:40.856+0000] {manager.py:821} INFO - Searching for files in /opt/airflow/dags
[2025-11-11T18:40:40.867+0000] {manager.py:824} INFO - There are 1 files in /opt/airflow/dags
[2025-11-11T18:40:47.946+0000] {manager.py:997} INFO - 
================================================================================
DAG File Processing Stats

File Path                     PID    Runtime      # DAGs    # Errors  Last Runtime    Last Run               Last # of DB Queries
----------------------------  -----  ---------  --------  ----------  --------------  -------------------  ----------------------
/opt/airflow/dags/elt_dag.py                           1           0  0.20s           2025-11-11T18:40:19                      12
================================================================================
[2025-11-11T18:41:18.236+0000] {manager.py:997} INFO - 
================================================================================
DAG File Processing Stats

File Path                     PID    Runtime      # DAGs    # Errors  Last Runtime    Last Run               Last # of DB Queries
----------------------------  -----  ---------  --------  ----------  --------------  -------------------  ----------------------
/opt/airflow/dags/elt_dag.py                           1           0  0.23s           2025-11-11T18:40:50                      12
================================================================================
[2025-11-11T18:41:48.717+0000] {manager.py:997} INFO - 
================================================================================
DAG File Processing Stats

File Path                     PID    Runtime      # DAGs    # Errors  Last Runtime    Last Run               Last # of DB Queries
----------------------------  -----  ---------  --------  ----------  --------------  -------------------  ----------------------
/opt/airflow/dags/elt_dag.py                           1           0  0.20s           2025-11-11T18:41:20                      12
================================================================================
[2025-11-11T18:42:19.027+0000] {manager.py:997} INFO - 
================================================================================
DAG File Processing Stats

File Path                     PID    Runtime      # DAGs    # Errors  Last Runtime    Last Run               Last # of DB Queries
----------------------------  -----  ---------  --------  ----------  --------------  -------------------  ----------------------
/opt/airflow/dags/elt_dag.py                           1           0  0.18s           2025-11-11T18:41:50                      12
================================================================================
[2025-11-11T18:42:49.058+0000] {manager.py:465} INFO - Exiting gracefully upon receiving signal 15
[2025-11-11T18:44:06.408+0000] {manager.py:483} INFO - Processing files using up to 2 processes at a time 
[2025-11-11T18:44:06.411+0000] {manager.py:484} INFO - Process each file at most once every 30 seconds
[2025-11-11T18:44:06.411+0000] {manager.py:485} INFO - Checking for new files in /opt/airflow/dags every 300 seconds
[2025-11-11T18:44:06.412+0000] {manager.py:821} INFO - Searching for files in /opt/airflow/dags
[2025-11-11T18:44:06.421+0000] {manager.py:824} INFO - There are 1 files in /opt/airflow/dags
[2025-11-11T18:44:07.045+0000] {manager.py:997} INFO - 
================================================================================
DAG File Processing Stats

File Path                       PID  Runtime      # DAGs    # Errors  Last Runtime    Last Run      Last # of DB Queries
----------------------------  -----  ---------  --------  ----------  --------------  ----------  ----------------------
/opt/airflow/dags/elt_dag.py     30  0.04s             0           0                                                   0
================================================================================
[2025-11-11T18:44:37.205+0000] {manager.py:997} INFO - 
================================================================================
DAG File Processing Stats

File Path                     PID    Runtime      # DAGs    # Errors  Last Runtime    Last Run               Last # of DB Queries
----------------------------  -----  ---------  --------  ----------  --------------  -------------------  ----------------------
/opt/airflow/dags/elt_dag.py                           1           0  0.95s           2025-11-11T18:44:07                      45
================================================================================
[2025-11-11T18:45:07.495+0000] {manager.py:997} INFO - 
================================================================================
DAG File Processing Stats

File Path                     PID    Runtime      # DAGs    # Errors  Last Runtime    Last Run               Last # of DB Queries
----------------------------  -----  ---------  --------  ----------  --------------  -------------------  ----------------------
/opt/airflow/dags/elt_dag.py                           1           0  0.17s           2025-11-11T18:44:38                      12
================================================================================
[2025-11-11T18:45:38.040+0000] {manager.py:997} INFO - 
================================================================================
DAG File Processing Stats

File Path                     PID    Runtime      # DAGs    # Errors  Last Runtime    Last Run               Last # of DB Queries
----------------------------  -----  ---------  --------  ----------  --------------  -------------------  ----------------------
/opt/airflow/dags/elt_dag.py                           1           0  0.27s           2025-11-11T18:45:08                      12
================================================================================
[2025-11-11T18:46:08.327+0000] {manager.py:997} INFO - 
================================================================================
DAG File Processing Stats

File Path                     PID    Runtime      # DAGs    # Errors  Last Runtime    Last Run               Last # of DB Queries
----------------------------  -----  ---------  --------  ----------  --------------  -------------------  ----------------------
/opt/airflow/dags/elt_dag.py                           1           0  0.22s           2025-11-11T18:45:39                      12
================================================================================
[2025-11-11T18:46:38.816+0000] {manager.py:997} INFO - 
================================================================================
DAG File Processing Stats

File Path                     PID    Runtime      # DAGs    # Errors  Last Runtime    Last Run               Last # of DB Queries
----------------------------  -----  ---------  --------  ----------  --------------  -------------------  ----------------------
/opt/airflow/dags/elt_dag.py                           1           0  0.40s           2025-11-11T18:46:09                      12
================================================================================
[2025-11-11T18:47:09.207+0000] {manager.py:997} INFO - 
================================================================================
DAG File Processing Stats

File Path                     PID    Runtime      # DAGs    # Errors  Last Runtime    Last Run               Last # of DB Queries
----------------------------  -----  ---------  --------  ----------  --------------  -------------------  ----------------------
/opt/airflow/dags/elt_dag.py                           1           0  0.49s           2025-11-11T18:46:40                      12
================================================================================
[2025-11-11T18:47:39.831+0000] {manager.py:997} INFO - 
================================================================================
DAG File Processing Stats

File Path                     PID    Runtime      # DAGs    # Errors  Last Runtime    Last Run               Last # of DB Queries
----------------------------  -----  ---------  --------  ----------  --------------  -------------------  ----------------------
/opt/airflow/dags/elt_dag.py                           1           0  0.38s           2025-11-11T18:47:10                      12
================================================================================
[2025-11-11T18:48:09.935+0000] {manager.py:997} INFO - 
================================================================================
DAG File Processing Stats

File Path                     PID    Runtime      # DAGs    # Errors  Last Runtime    Last Run               Last # of DB Queries
----------------------------  -----  ---------  --------  ----------  --------------  -------------------  ----------------------
/opt/airflow/dags/elt_dag.py                           1           0  0.43s           2025-11-11T18:47:41                      12
================================================================================
[2025-11-11T18:48:40.383+0000] {manager.py:997} INFO - 
================================================================================
DAG File Processing Stats

File Path                     PID    Runtime      # DAGs    # Errors  Last Runtime    Last Run               Last # of DB Queries
----------------------------  -----  ---------  --------  ----------  --------------  -------------------  ----------------------
/opt/airflow/dags/elt_dag.py                           1           0  0.40s           2025-11-11T18:48:12                      12
================================================================================
[2025-11-11T18:49:06.605+0000] {manager.py:821} INFO - Searching for files in /opt/airflow/dags
[2025-11-11T18:49:06.614+0000] {manager.py:824} INFO - There are 1 files in /opt/airflow/dags
[2025-11-11T18:49:10.713+0000] {manager.py:997} INFO - 
================================================================================
DAG File Processing Stats

File Path                     PID    Runtime      # DAGs    # Errors  Last Runtime    Last Run               Last # of DB Queries
----------------------------  -----  ---------  --------  ----------  --------------  -------------------  ----------------------
/opt/airflow/dags/elt_dag.py                           1           0  0.18s           2025-11-11T18:48:42                      12
================================================================================
[2025-11-11T18:49:41.145+0000] {manager.py:997} INFO - 
================================================================================
DAG File Processing Stats

File Path                     PID    Runtime      # DAGs    # Errors  Last Runtime    Last Run               Last # of DB Queries
----------------------------  -----  ---------  --------  ----------  --------------  -------------------  ----------------------
/opt/airflow/dags/elt_dag.py                           1           0  0.19s           2025-11-11T18:49:12                      12
================================================================================
[2025-11-11T18:50:11.462+0000] {manager.py:997} INFO - 
================================================================================
DAG File Processing Stats

File Path                     PID    Runtime      # DAGs    # Errors  Last Runtime    Last Run               Last # of DB Queries
----------------------------  -----  ---------  --------  ----------  --------------  -------------------  ----------------------
/opt/airflow/dags/elt_dag.py                           1           0  0.24s           2025-11-11T18:49:43                      12
================================================================================
[2025-11-11T18:50:41.989+0000] {manager.py:997} INFO - 
================================================================================
DAG File Processing Stats

File Path                     PID    Runtime      # DAGs    # Errors  Last Runtime    Last Run               Last # of DB Queries
----------------------------  -----  ---------  --------  ----------  --------------  -------------------  ----------------------
/opt/airflow/dags/elt_dag.py                           1           0  0.33s           2025-11-11T18:50:13                      12
================================================================================
[2025-11-11T18:51:12.415+0000] {manager.py:997} INFO - 
================================================================================
DAG File Processing Stats

File Path                     PID    Runtime      # DAGs    # Errors  Last Runtime    Last Run               Last # of DB Queries
----------------------------  -----  ---------  --------  ----------  --------------  -------------------  ----------------------
/opt/airflow/dags/elt_dag.py                           1           0  0.30s           2025-11-11T18:50:44                      12
================================================================================
[2025-11-11T18:51:42.840+0000] {manager.py:997} INFO - 
================================================================================
DAG File Processing Stats

File Path                     PID    Runtime      # DAGs    # Errors  Last Runtime    Last Run               Last # of DB Queries
----------------------------  -----  ---------  --------  ----------  --------------  -------------------  ----------------------
/opt/airflow/dags/elt_dag.py                           1           0  0.19s           2025-11-11T18:51:14                      12
================================================================================
[2025-11-11T18:52:13.200+0000] {manager.py:997} INFO - 
================================================================================
DAG File Processing Stats

File Path                     PID    Runtime      # DAGs    # Errors  Last Runtime    Last Run               Last # of DB Queries
----------------------------  -----  ---------  --------  ----------  --------------  -------------------  ----------------------
/opt/airflow/dags/elt_dag.py                           1           0  0.20s           2025-11-11T18:51:45                      12
================================================================================
[2025-11-11T18:52:43.744+0000] {manager.py:997} INFO - 
================================================================================
DAG File Processing Stats

File Path                     PID    Runtime      # DAGs    # Errors  Last Runtime    Last Run               Last # of DB Queries
----------------------------  -----  ---------  --------  ----------  --------------  -------------------  ----------------------
/opt/airflow/dags/elt_dag.py                           1           0  0.22s           2025-11-11T18:52:15                      12
================================================================================
[2025-11-11T18:53:14.019+0000] {manager.py:997} INFO - 
================================================================================
DAG File Processing Stats

File Path                     PID    Runtime      # DAGs    # Errors  Last Runtime    Last Run               Last # of DB Queries
----------------------------  -----  ---------  --------  ----------  --------------  -------------------  ----------------------
/opt/airflow/dags/elt_dag.py                           1           0  0.18s           2025-11-11T18:52:45                      12
================================================================================
[2025-11-11T18:53:44.417+0000] {manager.py:997} INFO - 
================================================================================
DAG File Processing Stats

File Path                     PID    Runtime      # DAGs    # Errors  Last Runtime    Last Run               Last # of DB Queries
----------------------------  -----  ---------  --------  ----------  --------------  -------------------  ----------------------
/opt/airflow/dags/elt_dag.py                           1           0  0.27s           2025-11-11T18:53:16                      12
================================================================================
[2025-11-11T18:54:06.606+0000] {manager.py:821} INFO - Searching for files in /opt/airflow/dags
[2025-11-11T18:54:06.618+0000] {manager.py:824} INFO - There are 1 files in /opt/airflow/dags
[2025-11-11T18:54:14.761+0000] {manager.py:997} INFO - 
================================================================================
DAG File Processing Stats

File Path                     PID    Runtime      # DAGs    # Errors  Last Runtime    Last Run               Last # of DB Queries
----------------------------  -----  ---------  --------  ----------  --------------  -------------------  ----------------------
/opt/airflow/dags/elt_dag.py                           1           0  0.18s           2025-11-11T18:53:46                      12
================================================================================
[2025-11-11T18:54:45.155+0000] {manager.py:997} INFO - 
================================================================================
DAG File Processing Stats

File Path                     PID    Runtime      # DAGs    # Errors  Last Runtime    Last Run               Last # of DB Queries
----------------------------  -----  ---------  --------  ----------  --------------  -------------------  ----------------------
/opt/airflow/dags/elt_dag.py                           1           0  0.18s           2025-11-11T18:54:16                      12
================================================================================
[2025-11-11T18:55:15.444+0000] {manager.py:997} INFO - 
================================================================================
DAG File Processing Stats

File Path                     PID    Runtime      # DAGs    # Errors  Last Runtime    Last Run               Last # of DB Queries
----------------------------  -----  ---------  --------  ----------  --------------  -------------------  ----------------------
/opt/airflow/dags/elt_dag.py                           1           0  0.21s           2025-11-11T18:54:47                      12
================================================================================
[2025-11-11T18:55:45.918+0000] {manager.py:997} INFO - 
================================================================================
DAG File Processing Stats

File Path                     PID    Runtime      # DAGs    # Errors  Last Runtime    Last Run               Last # of DB Queries
----------------------------  -----  ---------  --------  ----------  --------------  -------------------  ----------------------
/opt/airflow/dags/elt_dag.py                           1           0  0.24s           2025-11-11T18:55:17                      12
================================================================================
[2025-11-11T18:56:16.190+0000] {manager.py:997} INFO - 
================================================================================
DAG File Processing Stats

File Path                     PID    Runtime      # DAGs    # Errors  Last Runtime    Last Run               Last # of DB Queries
----------------------------  -----  ---------  --------  ----------  --------------  -------------------  ----------------------
/opt/airflow/dags/elt_dag.py                           1           0  0.28s           2025-11-11T18:55:48                      12
================================================================================
[2025-11-11T18:56:46.789+0000] {manager.py:997} INFO - 
================================================================================
DAG File Processing Stats

File Path                     PID    Runtime      # DAGs    # Errors  Last Runtime    Last Run               Last # of DB Queries
----------------------------  -----  ---------  --------  ----------  --------------  -------------------  ----------------------
/opt/airflow/dags/elt_dag.py                           1           0  0.18s           2025-11-11T18:56:18                      12
================================================================================
[2025-11-11T18:58:28.949+0000] {manager.py:483} INFO - Processing files using up to 2 processes at a time 
[2025-11-11T18:58:28.950+0000] {manager.py:484} INFO - Process each file at most once every 30 seconds
[2025-11-11T18:58:28.951+0000] {manager.py:485} INFO - Checking for new files in /opt/airflow/dags every 300 seconds
[2025-11-11T18:58:28.952+0000] {manager.py:821} INFO - Searching for files in /opt/airflow/dags
[2025-11-11T18:58:28.961+0000] {manager.py:824} INFO - There are 1 files in /opt/airflow/dags
[2025-11-11T18:58:29.803+0000] {manager.py:997} INFO - 
================================================================================
DAG File Processing Stats

File Path                       PID  Runtime      # DAGs    # Errors  Last Runtime    Last Run      Last # of DB Queries
----------------------------  -----  ---------  --------  ----------  --------------  ----------  ----------------------
/opt/airflow/dags/elt_dag.py     30  0.06s             0           0                                                   0
================================================================================
[2025-11-11T18:59:00.159+0000] {manager.py:997} INFO - 
================================================================================
DAG File Processing Stats

File Path                     PID    Runtime      # DAGs    # Errors  Last Runtime    Last Run               Last # of DB Queries
----------------------------  -----  ---------  --------  ----------  --------------  -------------------  ----------------------
/opt/airflow/dags/elt_dag.py                           1           0  0.96s           2025-11-11T18:58:30                      45
================================================================================
[2025-11-11T18:59:30.440+0000] {manager.py:997} INFO - 
================================================================================
DAG File Processing Stats

File Path                     PID    Runtime      # DAGs    # Errors  Last Runtime    Last Run               Last # of DB Queries
----------------------------  -----  ---------  --------  ----------  --------------  -------------------  ----------------------
/opt/airflow/dags/elt_dag.py                           1           0  0.28s           2025-11-11T18:59:01                      12
================================================================================
[2025-11-11T19:00:00.982+0000] {manager.py:997} INFO - 
================================================================================
DAG File Processing Stats

File Path                     PID    Runtime      # DAGs    # Errors  Last Runtime    Last Run               Last # of DB Queries
----------------------------  -----  ---------  --------  ----------  --------------  -------------------  ----------------------
/opt/airflow/dags/elt_dag.py                           1           0  0.27s           2025-11-11T18:59:31                      12
================================================================================
