[2025-11-11T18:45:08.060+0000] {local_task_job_runner.py:123} INFO - ::group::Pre task execution logs
[2025-11-11T18:45:08.089+0000] {taskinstance.py:2612} INFO - Dependencies all met for dep_context=non-requeueable deps ti=<TaskInstance: elt_and_dbt.run_elt_script manual__2025-11-11T18:45:02.926610+00:00 [queued]>
[2025-11-11T18:45:08.100+0000] {taskinstance.py:2612} INFO - Dependencies all met for dep_context=requeueable deps ti=<TaskInstance: elt_and_dbt.run_elt_script manual__2025-11-11T18:45:02.926610+00:00 [queued]>
[2025-11-11T18:45:08.100+0000] {taskinstance.py:2865} INFO - Starting attempt 1 of 1
[2025-11-11T18:45:08.117+0000] {taskinstance.py:2888} INFO - Executing <Task(PythonOperator): run_elt_script> on 2025-11-11 18:45:02.926610+00:00
[2025-11-11T18:45:08.123+0000] {standard_task_runner.py:72} INFO - Started process 44 to run task
[2025-11-11T18:45:08.128+0000] {standard_task_runner.py:104} INFO - Running: ['***', 'tasks', 'run', 'elt_and_dbt', 'run_elt_script', 'manual__2025-11-11T18:45:02.926610+00:00', '--job-id', '2', '--raw', '--subdir', 'DAGS_FOLDER/elt_dag.py', '--cfg-path', '/tmp/tmpeki6zcxp']
[2025-11-11T18:45:08.131+0000] {standard_task_runner.py:105} INFO - Job 2: Subtask run_elt_script
[2025-11-11T18:45:08.242+0000] {task_command.py:467} INFO - Running <TaskInstance: elt_and_dbt.run_elt_script manual__2025-11-11T18:45:02.926610+00:00 [running]> on host d03416f10357
[2025-11-11T18:45:08.389+0000] {taskinstance.py:3131} INFO - Exporting env vars: AIRFLOW_CTX_DAG_OWNER='***' AIRFLOW_CTX_DAG_ID='elt_and_dbt' AIRFLOW_CTX_TASK_ID='run_elt_script' AIRFLOW_CTX_EXECUTION_DATE='2025-11-11T18:45:02.926610+00:00' AIRFLOW_CTX_TRY_NUMBER='1' AIRFLOW_CTX_DAG_RUN_ID='manual__2025-11-11T18:45:02.926610+00:00'
[2025-11-11T18:45:08.390+0000] {taskinstance.py:731} INFO - ::endgroup::
[2025-11-11T18:45:09.584+0000] {logging_mixin.py:190} INFO - Successfully connected to Postgres
Starting ELT Script
Successfully connected to Postgres
Ending ELT Script.
[2025-11-11T18:45:09.585+0000] {python.py:240} INFO - Done. Returned value was: None
[2025-11-11T18:45:09.606+0000] {taskinstance.py:340} INFO - ::group::Post task execution logs
[2025-11-11T18:45:09.607+0000] {taskinstance.py:352} INFO - Marking task as SUCCESS. dag_id=elt_and_dbt, task_id=run_elt_script, run_id=manual__2025-11-11T18:45:02.926610+00:00, execution_date=20251111T184502, start_date=20251111T184508, end_date=20251111T184509
[2025-11-11T18:45:09.647+0000] {local_task_job_runner.py:266} INFO - Task exited with return code 0
[2025-11-11T18:45:09.706+0000] {taskinstance.py:3900} INFO - 1 downstream tasks scheduled from follow-on schedule check
[2025-11-11T18:45:09.709+0000] {local_task_job_runner.py:245} INFO - ::endgroup::
