[2025-11-11T18:59:26.760+0000] {local_task_job_runner.py:123} INFO - ::group::Pre task execution logs
[2025-11-11T18:59:26.791+0000] {taskinstance.py:2612} INFO - Dependencies all met for dep_context=non-requeueable deps ti=<TaskInstance: elt_and_dbt.run_elt_script manual__2025-11-11T18:59:21.859215+00:00 [queued]>
[2025-11-11T18:59:26.802+0000] {taskinstance.py:2612} INFO - Dependencies all met for dep_context=requeueable deps ti=<TaskInstance: elt_and_dbt.run_elt_script manual__2025-11-11T18:59:21.859215+00:00 [queued]>
[2025-11-11T18:59:26.803+0000] {taskinstance.py:2865} INFO - Starting attempt 1 of 1
[2025-11-11T18:59:26.821+0000] {taskinstance.py:2888} INFO - Executing <Task(PythonOperator): run_elt_script> on 2025-11-11 18:59:21.859215+00:00
[2025-11-11T18:59:26.832+0000] {standard_task_runner.py:72} INFO - Started process 44 to run task
[2025-11-11T18:59:26.837+0000] {standard_task_runner.py:104} INFO - Running: ['***', 'tasks', 'run', 'elt_and_dbt', 'run_elt_script', 'manual__2025-11-11T18:59:21.859215+00:00', '--job-id', '2', '--raw', '--subdir', 'DAGS_FOLDER/elt_dag.py', '--cfg-path', '/tmp/tmpe87bkg39']
[2025-11-11T18:59:26.843+0000] {standard_task_runner.py:105} INFO - Job 2: Subtask run_elt_script
[2025-11-11T18:59:26.962+0000] {task_command.py:467} INFO - Running <TaskInstance: elt_and_dbt.run_elt_script manual__2025-11-11T18:59:21.859215+00:00 [running]> on host 7c9e5faa7d6b
[2025-11-11T18:59:27.095+0000] {taskinstance.py:3131} INFO - Exporting env vars: AIRFLOW_CTX_DAG_OWNER='***' AIRFLOW_CTX_DAG_ID='elt_and_dbt' AIRFLOW_CTX_TASK_ID='run_elt_script' AIRFLOW_CTX_EXECUTION_DATE='2025-11-11T18:59:21.859215+00:00' AIRFLOW_CTX_TRY_NUMBER='1' AIRFLOW_CTX_DAG_RUN_ID='manual__2025-11-11T18:59:21.859215+00:00'
[2025-11-11T18:59:27.097+0000] {taskinstance.py:731} INFO - ::endgroup::
[2025-11-11T18:59:27.822+0000] {logging_mixin.py:190} INFO - Successfully connected to Postgres
Starting ELT Script
Successfully connected to Postgres
Ending ELT Script.
[2025-11-11T18:59:27.822+0000] {python.py:240} INFO - Done. Returned value was: None
[2025-11-11T18:59:27.841+0000] {taskinstance.py:340} INFO - ::group::Post task execution logs
[2025-11-11T18:59:27.842+0000] {taskinstance.py:352} INFO - Marking task as SUCCESS. dag_id=elt_and_dbt, task_id=run_elt_script, run_id=manual__2025-11-11T18:59:21.859215+00:00, execution_date=20251111T185921, start_date=20251111T185926, end_date=20251111T185927
[2025-11-11T18:59:27.892+0000] {local_task_job_runner.py:266} INFO - Task exited with return code 0
[2025-11-11T18:59:27.928+0000] {taskinstance.py:3900} INFO - 1 downstream tasks scheduled from follow-on schedule check
[2025-11-11T18:59:27.931+0000] {local_task_job_runner.py:245} INFO - ::endgroup::
